2020-11-05 11:37:37-root-com_assert.py-[line:238]-INFO-[日志信息] ==> content判断失败或响应文本不是json格式，判断类型是eq, 预期值：ok, content的key是：msg,实际值：
2020-11-05 11:37:37-root-com_manage.py-[line:199]-ERROR-[日志信息] ==> 异常判断类型：{key},判断值是{value}，响应数据是{response.content}
2020-11-05 11:44:52-root-com_assert.py-[line:238]-INFO-[日志信息] ==> content判断失败或响应文本不是json格式，判断类型是eq, 预期值：ok, content的key是：msg,实际值：
contentゆ澶辫触搴涓json煎锛ゆ绫诲eq, 棰硷ok, contentkey锛msg,瀹硷
contentゆ澶辫触搴涓json煎锛ゆ绫诲eq, 棰硷ok, contentkey锛msg,瀹硷
contentゆ澶辫触搴涓json煎锛ゆ绫诲eq, 棰硷ok, contentkey锛msg,瀹硷
contentゆ澶辫触搴涓json煎锛ゆ绫诲eq, 棰硷ok, contentkey锛msg,瀹硷
contentゆ澶辫触搴涓json煎锛ゆ绫诲eq, 棰硷ok, contentkey锛msg,瀹硷
contentゆ澶辫触搴涓json煎锛ゆ绫诲eq, 棰硷ok, contentkey锛msg,瀹硷
contentゆ澶辫触搴涓json煎锛ゆ绫诲eq, 棰硷ok, contentkey锛msg,瀹硷
contentゆ澶辫触搴涓json煎锛ゆ绫诲eq, 棰硷ok, contentkey锛msg,瀹硷
contentゆ澶辫触搴涓json煎锛ゆ绫诲eq, 棰硷ok, contentkey锛msg,瀹硷
contentゆ澶辫触搴涓json煎锛ゆ绫诲eq, 棰硷ok, contentkey锛msg,瀹硷
2020-11-05 11:44:52-root-com_manage.py-[line:199]-ERROR-[日志信息] ==> 异常判断类型：{key},判断值是{value}，响应数据是{response.content}
寮甯稿ゆ绫诲锛{key},ゆ兼{value}锛搴版{response.content}
寮甯稿ゆ绫诲锛{key},ゆ兼{value}锛搴版{response.content}
寮甯稿ゆ绫诲锛{key},ゆ兼{value}锛搴版{response.content}
寮甯稿ゆ绫诲锛{key},ゆ兼{value}锛搴版{response.content}
寮甯稿ゆ绫诲锛{key},ゆ兼{value}锛搴版{response.content}
寮甯稿ゆ绫诲锛{key},ゆ兼{value}锛搴版{response.content}
寮甯稿ゆ绫诲锛{key},ゆ兼{value}锛搴版{response.content}
寮甯稿ゆ绫诲锛{key},ゆ兼{value}锛搴版{response.content}
寮甯稿ゆ绫诲锛{key},ゆ兼{value}锛搴版{response.content}
寮甯稿ゆ绫诲锛{key},ゆ兼{value}锛搴版{response.content}
2020-11-05 11:54:54-root-com_assert.py-[line:238]-INFO-[日志信息] ==> content判断失败或响应文本不是json格式，判断类型是eq, 预期值：ok, content的key是：msg,实际值：
2020-11-05 11:54:54-root-com_manage.py-[line:199]-ERROR-[日志信息] ==> 异常判断类型：{key},判断值是{value}，响应数据是{response.content}
2020-11-05 12:00:29-root-com_assert.py-[line:238]-INFO-[日志信息] ==> content判断失败或响应文本不是json格式，判断类型是eq, 预期值：ok, content的key是：msg,实际值：
2020-11-05 12:00:29,017 - INFO - contentゆ澶辫触搴涓json煎锛ゆ绫诲eq, 棰硷ok, contentkey锛msg,瀹硷
2020-11-05 12:00:29,017 - INFO - contentゆ澶辫触搴涓json煎锛ゆ绫诲eq, 棰硷ok, contentkey锛msg,瀹硷
2020-11-05 12:00:29,017 - INFO - contentゆ澶辫触搴涓json煎锛ゆ绫诲eq, 棰硷ok, contentkey锛msg,瀹硷
2020-11-05 12:00:29,017 - INFO - contentゆ澶辫触搴涓json煎锛ゆ绫诲eq, 棰硷ok, contentkey锛msg,瀹硷
2020-11-05 12:00:29,017 - INFO - contentゆ澶辫触搴涓json煎锛ゆ绫诲eq, 棰硷ok, contentkey锛msg,瀹硷
2020-11-05 12:00:29,017 - INFO - contentゆ澶辫触搴涓json煎锛ゆ绫诲eq, 棰硷ok, contentkey锛msg,瀹硷
2020-11-05 12:00:29,017 - INFO - contentゆ澶辫触搴涓json煎锛ゆ绫诲eq, 棰硷ok, contentkey锛msg,瀹硷
2020-11-05 12:00:29,017 - INFO - contentゆ澶辫触搴涓json煎锛ゆ绫诲eq, 棰硷ok, contentkey锛msg,瀹硷
2020-11-05 12:00:29,017 - INFO - contentゆ澶辫触搴涓json煎锛ゆ绫诲eq, 棰硷ok, contentkey锛msg,瀹硷
2020-11-05 12:00:29,017 - INFO - contentゆ澶辫触搴涓json煎锛ゆ绫诲eq, 棰硷ok, contentkey锛msg,瀹硷
2020-11-05 12:00:29-root-com_manage.py-[line:199]-ERROR-[日志信息] ==> 异常判断类型：{key},判断值是{value}，响应数据是{response.content}
2020-11-05 12:00:29,017 - ERROR - 寮甯稿ゆ绫诲锛{key},ゆ兼{value}锛搴版{response.content}
2020-11-05 12:00:29,017 - ERROR - 寮甯稿ゆ绫诲锛{key},ゆ兼{value}锛搴版{response.content}
2020-11-05 12:00:29,017 - ERROR - 寮甯稿ゆ绫诲锛{key},ゆ兼{value}锛搴版{response.content}
2020-11-05 12:00:29,017 - ERROR - 寮甯稿ゆ绫诲锛{key},ゆ兼{value}锛搴版{response.content}
2020-11-05 12:00:29,017 - ERROR - 寮甯稿ゆ绫诲锛{key},ゆ兼{value}锛搴版{response.content}
2020-11-05 12:00:29,017 - ERROR - 寮甯稿ゆ绫诲锛{key},ゆ兼{value}锛搴版{response.content}
2020-11-05 12:00:29,017 - ERROR - 寮甯稿ゆ绫诲锛{key},ゆ兼{value}锛搴版{response.content}
2020-11-05 12:00:29,017 - ERROR - 寮甯稿ゆ绫诲锛{key},ゆ兼{value}锛搴版{response.content}
2020-11-05 12:00:29,017 - ERROR - 寮甯稿ゆ绫诲锛{key},ゆ兼{value}锛搴版{response.content}
2020-11-05 12:00:29,017 - ERROR - 寮甯稿ゆ绫诲锛{key},ゆ兼{value}锛搴版{response.content}
2020-11-05 12:03:22,957 - INFO - contentゆ澶辫触搴涓json煎锛ゆ绫诲eq, 棰硷ok, contentkey锛msg,瀹硷
2020-11-05 12:03:22,957 - INFO - contentゆ澶辫触搴涓json煎锛ゆ绫诲eq, 棰硷ok, contentkey锛msg,瀹硷
2020-11-05 12:03:22,957 - INFO - contentゆ澶辫触搴涓json煎锛ゆ绫诲eq, 棰硷ok, contentkey锛msg,瀹硷
2020-11-05 12:03:22,957 - INFO - contentゆ澶辫触搴涓json煎锛ゆ绫诲eq, 棰硷ok, contentkey锛msg,瀹硷
2020-11-05 12:03:22,957 - INFO - contentゆ澶辫触搴涓json煎锛ゆ绫诲eq, 棰硷ok, contentkey锛msg,瀹硷
2020-11-05 12:03:22,957 - INFO - contentゆ澶辫触搴涓json煎锛ゆ绫诲eq, 棰硷ok, contentkey锛msg,瀹硷
2020-11-05 12:03:22,957 - INFO - contentゆ澶辫触搴涓json煎锛ゆ绫诲eq, 棰硷ok, contentkey锛msg,瀹硷
2020-11-05 12:03:22,957 - INFO - contentゆ澶辫触搴涓json煎锛ゆ绫诲eq, 棰硷ok, contentkey锛msg,瀹硷
2020-11-05 12:03:22,957 - INFO - contentゆ澶辫触搴涓json煎锛ゆ绫诲eq, 棰硷ok, contentkey锛msg,瀹硷
2020-11-05 12:03:22,957 - INFO - contentゆ澶辫触搴涓json煎锛ゆ绫诲eq, 棰硷ok, contentkey锛msg,瀹硷
2020-11-05 12:03:22,958 - ERROR - 寮甯稿ゆ绫诲锛{key},ゆ兼{value}锛搴版{response.content}
2020-11-05 12:03:22,958 - ERROR - 寮甯稿ゆ绫诲锛{key},ゆ兼{value}锛搴版{response.content}
2020-11-05 12:03:22,958 - ERROR - 寮甯稿ゆ绫诲锛{key},ゆ兼{value}锛搴版{response.content}
2020-11-05 12:03:22,958 - ERROR - 寮甯稿ゆ绫诲锛{key},ゆ兼{value}锛搴版{response.content}
2020-11-05 12:03:22,958 - ERROR - 寮甯稿ゆ绫诲锛{key},ゆ兼{value}锛搴版{response.content}
2020-11-05 12:03:22,958 - ERROR - 寮甯稿ゆ绫诲锛{key},ゆ兼{value}锛搴版{response.content}
2020-11-05 12:03:22,958 - ERROR - 寮甯稿ゆ绫诲锛{key},ゆ兼{value}锛搴版{response.content}
2020-11-05 12:03:22,958 - ERROR - 寮甯稿ゆ绫诲锛{key},ゆ兼{value}锛搴版{response.content}
2020-11-05 12:03:22,958 - ERROR - 寮甯稿ゆ绫诲锛{key},ゆ兼{value}锛搴版{response.content}
2020-11-05 12:03:22,958 - ERROR - 寮甯稿ゆ绫诲锛{key},ゆ兼{value}锛搴版{response.content}
