2020-11-24 15:12:49,553 - ERROR - 读取{yaml_path}文件出错，错误是{es}
2020-11-24 15:12:49,553 - ERROR - 读取{yaml_path}文件出错，错误是{es}
2020-11-24 15:12:49,553 - ERROR - 读取{yaml_path}文件出错，错误是{es}
2020-11-24 15:12:49,553 - ERROR - 读取{yaml_path}文件出错，错误是{es}
2020-11-24 15:12:49,553 - ERROR - 读取{yaml_path}文件出错，错误是{es}
2020-11-24 15:12:49,553 - ERROR - 读取{yaml_path}文件出错，错误是{es}
2020-11-24 15:12:49,553 - ERROR - 读取{yaml_path}文件出错，错误是{es}
2020-11-24 15:12:49,553 - ERROR - 读取{yaml_path}文件出错，错误是{es}
2020-11-24 15:12:49,553 - ERROR - 读取{yaml_path}文件出错，错误是{es}
2020-11-24 15:12:49,554 - ERROR - 解析{file}文件内容出错，错误是{es}
2020-11-24 15:12:49,554 - ERROR - 解析{file}文件内容出错，错误是{es}
2020-11-24 15:12:49,554 - ERROR - 解析{file}文件内容出错，错误是{es}
2020-11-24 15:12:49,554 - ERROR - 解析{file}文件内容出错，错误是{es}
2020-11-24 15:12:49,554 - ERROR - 解析{file}文件内容出错，错误是{es}
2020-11-24 15:12:49,554 - ERROR - 解析{file}文件内容出错，错误是{es}
2020-11-24 15:12:49,554 - ERROR - 解析{file}文件内容出错，错误是{es}
2020-11-24 15:12:49,554 - ERROR - 解析{file}文件内容出错，错误是{es}
2020-11-24 15:12:49,554 - ERROR - 解析{file}文件内容出错，错误是{es}
2020-11-24 15:12:49,554 - ERROR - yaml文件解析出错，路径是：{yaml_path}, 文件名是：{yaml_name}
2020-11-24 15:12:49,554 - ERROR - yaml文件解析出错，路径是：{yaml_path}, 文件名是：{yaml_name}
2020-11-24 15:12:49,554 - ERROR - yaml文件解析出错，路径是：{yaml_path}, 文件名是：{yaml_name}
2020-11-24 15:12:49,554 - ERROR - yaml文件解析出错，路径是：{yaml_path}, 文件名是：{yaml_name}
2020-11-24 15:12:49,554 - ERROR - yaml文件解析出错，路径是：{yaml_path}, 文件名是：{yaml_name}
2020-11-24 15:12:49,554 - ERROR - yaml文件解析出错，路径是：{yaml_path}, 文件名是：{yaml_name}
2020-11-24 15:12:49,554 - ERROR - yaml文件解析出错，路径是：{yaml_path}, 文件名是：{yaml_name}
2020-11-24 15:12:49,554 - ERROR - yaml文件解析出错，路径是：{yaml_path}, 文件名是：{yaml_name}
2020-11-24 15:12:49,554 - ERROR - yaml文件解析出错，路径是：{yaml_path}, 文件名是：{yaml_name}
2020-11-24 15:12:49,554 - ERROR - 被依赖用例{yaml_name}不存在依赖用例所需的依赖数据：{variables_data}
2020-11-24 15:12:49,554 - ERROR - 被依赖用例{yaml_name}不存在依赖用例所需的依赖数据：{variables_data}
2020-11-24 15:12:49,554 - ERROR - 被依赖用例{yaml_name}不存在依赖用例所需的依赖数据：{variables_data}
2020-11-24 15:12:49,554 - ERROR - 被依赖用例{yaml_name}不存在依赖用例所需的依赖数据：{variables_data}
2020-11-24 15:12:49,554 - ERROR - 被依赖用例{yaml_name}不存在依赖用例所需的依赖数据：{variables_data}
2020-11-24 15:12:49,554 - ERROR - 被依赖用例{yaml_name}不存在依赖用例所需的依赖数据：{variables_data}
2020-11-24 15:12:49,554 - ERROR - 被依赖用例{yaml_name}不存在依赖用例所需的依赖数据：{variables_data}
2020-11-24 15:12:49,554 - ERROR - 被依赖用例{yaml_name}不存在依赖用例所需的依赖数据：{variables_data}
2020-11-24 15:12:49,554 - ERROR - 被依赖用例{yaml_name}不存在依赖用例所需的依赖数据：{variables_data}
2020-11-24 15:12:49,554 - ERROR - 请求发送失败，请求信息是：{request_dict}
2020-11-24 15:12:49,554 - ERROR - 请求发送失败，请求信息是：{request_dict}
2020-11-24 15:12:49,554 - ERROR - 请求发送失败，请求信息是：{request_dict}
2020-11-24 15:12:49,554 - ERROR - 请求发送失败，请求信息是：{request_dict}
2020-11-24 15:12:49,554 - ERROR - 请求发送失败，请求信息是：{request_dict}
2020-11-24 15:12:49,554 - ERROR - 请求发送失败，请求信息是：{request_dict}
2020-11-24 15:12:49,554 - ERROR - 请求发送失败，请求信息是：{request_dict}
2020-11-24 15:12:49,554 - ERROR - 请求发送失败，请求信息是：{request_dict}
2020-11-24 15:12:49,554 - ERROR - 请求发送失败，请求信息是：{request_dict}
2020-11-24 15:12:49,555 - ERROR - 异常判断类型：{key},判断值是{value}，响应数据是{response.content}
2020-11-24 15:12:49,555 - ERROR - 异常判断类型：{key},判断值是{value}，响应数据是{response.content}
2020-11-24 15:12:49,555 - ERROR - 异常判断类型：{key},判断值是{value}，响应数据是{response.content}
2020-11-24 15:12:49,555 - ERROR - 异常判断类型：{key},判断值是{value}，响应数据是{response.content}
2020-11-24 15:12:49,555 - ERROR - 异常判断类型：{key},判断值是{value}，响应数据是{response.content}
2020-11-24 15:12:49,555 - ERROR - 异常判断类型：{key},判断值是{value}，响应数据是{response.content}
2020-11-24 15:12:49,555 - ERROR - 异常判断类型：{key},判断值是{value}，响应数据是{response.content}
2020-11-24 15:12:49,555 - ERROR - 异常判断类型：{key},判断值是{value}，响应数据是{response.content}
2020-11-24 15:12:49,555 - ERROR - 异常判断类型：{key},判断值是{value}，响应数据是{response.content}
2020-11-24 15:15:34,036 - ERROR - 读取{yaml_path}文件出错，错误是{es}
2020-11-24 15:15:34,036 - ERROR - 读取{yaml_path}文件出错，错误是{es}
2020-11-24 15:15:34,036 - ERROR - 读取{yaml_path}文件出错，错误是{es}
2020-11-24 15:15:34,036 - ERROR - 读取{yaml_path}文件出错，错误是{es}
2020-11-24 15:15:34,036 - ERROR - 读取{yaml_path}文件出错，错误是{es}
2020-11-24 15:15:34,036 - ERROR - 读取{yaml_path}文件出错，错误是{es}
2020-11-24 15:15:34,036 - ERROR - 读取{yaml_path}文件出错，错误是{es}
2020-11-24 15:15:34,036 - ERROR - 读取{yaml_path}文件出错，错误是{es}
2020-11-24 15:15:34,036 - ERROR - 读取{yaml_path}文件出错，错误是{es}
2020-11-24 15:15:34,037 - ERROR - 解析{file}文件内容出错，错误是{es}
2020-11-24 15:15:34,037 - ERROR - 解析{file}文件内容出错，错误是{es}
2020-11-24 15:15:34,037 - ERROR - 解析{file}文件内容出错，错误是{es}
2020-11-24 15:15:34,037 - ERROR - 解析{file}文件内容出错，错误是{es}
2020-11-24 15:15:34,037 - ERROR - 解析{file}文件内容出错，错误是{es}
2020-11-24 15:15:34,037 - ERROR - 解析{file}文件内容出错，错误是{es}
2020-11-24 15:15:34,037 - ERROR - 解析{file}文件内容出错，错误是{es}
2020-11-24 15:15:34,037 - ERROR - 解析{file}文件内容出错，错误是{es}
2020-11-24 15:15:34,037 - ERROR - 解析{file}文件内容出错，错误是{es}
2020-11-24 15:15:34,037 - ERROR - yaml文件解析出错，路径是：{yaml_path}, 文件名是：{yaml_name}
2020-11-24 15:15:34,037 - ERROR - yaml文件解析出错，路径是：{yaml_path}, 文件名是：{yaml_name}
2020-11-24 15:15:34,037 - ERROR - yaml文件解析出错，路径是：{yaml_path}, 文件名是：{yaml_name}
2020-11-24 15:15:34,037 - ERROR - yaml文件解析出错，路径是：{yaml_path}, 文件名是：{yaml_name}
2020-11-24 15:15:34,037 - ERROR - yaml文件解析出错，路径是：{yaml_path}, 文件名是：{yaml_name}
2020-11-24 15:15:34,037 - ERROR - yaml文件解析出错，路径是：{yaml_path}, 文件名是：{yaml_name}
2020-11-24 15:15:34,037 - ERROR - yaml文件解析出错，路径是：{yaml_path}, 文件名是：{yaml_name}
2020-11-24 15:15:34,037 - ERROR - yaml文件解析出错，路径是：{yaml_path}, 文件名是：{yaml_name}
2020-11-24 15:15:34,037 - ERROR - yaml文件解析出错，路径是：{yaml_path}, 文件名是：{yaml_name}
2020-11-24 15:15:34,037 - ERROR - 被依赖用例{yaml_name}不存在依赖用例所需的依赖数据：{variables_data}
2020-11-24 15:15:34,037 - ERROR - 被依赖用例{yaml_name}不存在依赖用例所需的依赖数据：{variables_data}
2020-11-24 15:15:34,037 - ERROR - 被依赖用例{yaml_name}不存在依赖用例所需的依赖数据：{variables_data}
2020-11-24 15:15:34,037 - ERROR - 被依赖用例{yaml_name}不存在依赖用例所需的依赖数据：{variables_data}
2020-11-24 15:15:34,037 - ERROR - 被依赖用例{yaml_name}不存在依赖用例所需的依赖数据：{variables_data}
2020-11-24 15:15:34,037 - ERROR - 被依赖用例{yaml_name}不存在依赖用例所需的依赖数据：{variables_data}
2020-11-24 15:15:34,037 - ERROR - 被依赖用例{yaml_name}不存在依赖用例所需的依赖数据：{variables_data}
2020-11-24 15:15:34,037 - ERROR - 被依赖用例{yaml_name}不存在依赖用例所需的依赖数据：{variables_data}
2020-11-24 15:15:34,037 - ERROR - 被依赖用例{yaml_name}不存在依赖用例所需的依赖数据：{variables_data}
2020-11-24 15:15:34,038 - ERROR - 请求发送失败，请求信息是：{request_dict}
2020-11-24 15:15:34,038 - ERROR - 请求发送失败，请求信息是：{request_dict}
2020-11-24 15:15:34,038 - ERROR - 请求发送失败，请求信息是：{request_dict}
2020-11-24 15:15:34,038 - ERROR - 请求发送失败，请求信息是：{request_dict}
2020-11-24 15:15:34,038 - ERROR - 请求发送失败，请求信息是：{request_dict}
2020-11-24 15:15:34,038 - ERROR - 请求发送失败，请求信息是：{request_dict}
2020-11-24 15:15:34,038 - ERROR - 请求发送失败，请求信息是：{request_dict}
2020-11-24 15:15:34,038 - ERROR - 请求发送失败，请求信息是：{request_dict}
2020-11-24 15:15:34,038 - ERROR - 请求发送失败，请求信息是：{request_dict}
2020-11-24 15:15:34,038 - ERROR - 异常判断类型：{key},判断值是{value}，响应数据是{response.content}
2020-11-24 15:15:34,038 - ERROR - 异常判断类型：{key},判断值是{value}，响应数据是{response.content}
2020-11-24 15:15:34,038 - ERROR - 异常判断类型：{key},判断值是{value}，响应数据是{response.content}
2020-11-24 15:15:34,038 - ERROR - 异常判断类型：{key},判断值是{value}，响应数据是{response.content}
2020-11-24 15:15:34,038 - ERROR - 异常判断类型：{key},判断值是{value}，响应数据是{response.content}
2020-11-24 15:15:34,038 - ERROR - 异常判断类型：{key},判断值是{value}，响应数据是{response.content}
2020-11-24 15:15:34,038 - ERROR - 异常判断类型：{key},判断值是{value}，响应数据是{response.content}
2020-11-24 15:15:34,038 - ERROR - 异常判断类型：{key},判断值是{value}，响应数据是{response.content}
2020-11-24 15:15:34,038 - ERROR - 异常判断类型：{key},判断值是{value}，响应数据是{response.content}
2020-11-24 15:20:57,093 - ERROR - content判断失败或响应文本不是json格式，判断类型是eq, 预期值：处理成功, content的key是：msg,实际值：处理成功
2020-11-24 15:20:57,093 - ERROR - content判断失败或响应文本不是json格式，判断类型是eq, 预期值：处理成功, content的key是：msg,实际值：处理成功
2020-11-24 15:20:57,093 - ERROR - content判断失败或响应文本不是json格式，判断类型是eq, 预期值：处理成功, content的key是：msg,实际值：处理成功
2020-11-24 15:20:57,093 - ERROR - content判断失败或响应文本不是json格式，判断类型是eq, 预期值：处理成功, content的key是：msg,实际值：处理成功
2020-11-24 15:20:57,093 - ERROR - content判断失败或响应文本不是json格式，判断类型是eq, 预期值：处理成功, content的key是：msg,实际值：处理成功
2020-11-24 15:20:57,093 - ERROR - content判断失败或响应文本不是json格式，判断类型是eq, 预期值：处理成功, content的key是：msg,实际值：处理成功
2020-11-24 15:20:57,093 - ERROR - content判断失败或响应文本不是json格式，判断类型是eq, 预期值：处理成功, content的key是：msg,实际值：处理成功
2020-11-24 15:20:57,181 - ERROR - content判断失败或响应文本不是json格式，判断类型是eq, 预期值：处理成功, content的key是：msg,实际值：处理成功
2020-11-24 15:20:57,181 - ERROR - content判断失败或响应文本不是json格式，判断类型是eq, 预期值：处理成功, content的key是：msg,实际值：处理成功
2020-11-24 15:20:57,181 - ERROR - content判断失败或响应文本不是json格式，判断类型是eq, 预期值：处理成功, content的key是：msg,实际值：处理成功
2020-11-24 15:20:57,181 - ERROR - content判断失败或响应文本不是json格式，判断类型是eq, 预期值：处理成功, content的key是：msg,实际值：处理成功
2020-11-24 15:20:57,181 - ERROR - content判断失败或响应文本不是json格式，判断类型是eq, 预期值：处理成功, content的key是：msg,实际值：处理成功
2020-11-24 15:20:57,181 - ERROR - content判断失败或响应文本不是json格式，判断类型是eq, 预期值：处理成功, content的key是：msg,实际值：处理成功
2020-11-24 15:20:57,181 - ERROR - content判断失败或响应文本不是json格式，判断类型是eq, 预期值：处理成功, content的key是：msg,实际值：处理成功
2020-11-24 15:20:57,181 - ERROR - content判断失败或响应文本不是json格式，判断类型是eq, 预期值：处理成功, content的key是：msg,实际值：处理成功
2020-11-24 15:23:30,261 - ERROR - 读取{yaml_path}文件出错，错误是{es}
2020-11-24 15:23:30,261 - ERROR - 读取{yaml_path}文件出错，错误是{es}
2020-11-24 15:23:30,261 - ERROR - 读取{yaml_path}文件出错，错误是{es}
2020-11-24 15:23:30,261 - ERROR - 读取{yaml_path}文件出错，错误是{es}
2020-11-24 15:23:30,261 - ERROR - 读取{yaml_path}文件出错，错误是{es}
2020-11-24 15:23:30,261 - ERROR - 读取{yaml_path}文件出错，错误是{es}
2020-11-24 15:23:30,261 - ERROR - 解析{file}文件内容出错，错误是{es}
2020-11-24 15:23:30,261 - ERROR - 解析{file}文件内容出错，错误是{es}
2020-11-24 15:23:30,261 - ERROR - 解析{file}文件内容出错，错误是{es}
2020-11-24 15:23:30,261 - ERROR - 解析{file}文件内容出错，错误是{es}
2020-11-24 15:23:30,261 - ERROR - 解析{file}文件内容出错，错误是{es}
2020-11-24 15:23:30,261 - ERROR - 解析{file}文件内容出错，错误是{es}
2020-11-24 15:23:30,261 - ERROR - yaml文件解析出错，路径是：{yaml_path}, 文件名是：{yaml_name}
2020-11-24 15:23:30,261 - ERROR - yaml文件解析出错，路径是：{yaml_path}, 文件名是：{yaml_name}
2020-11-24 15:23:30,261 - ERROR - yaml文件解析出错，路径是：{yaml_path}, 文件名是：{yaml_name}
2020-11-24 15:23:30,261 - ERROR - yaml文件解析出错，路径是：{yaml_path}, 文件名是：{yaml_name}
2020-11-24 15:23:30,261 - ERROR - yaml文件解析出错，路径是：{yaml_path}, 文件名是：{yaml_name}
2020-11-24 15:23:30,261 - ERROR - yaml文件解析出错，路径是：{yaml_path}, 文件名是：{yaml_name}
2020-11-24 15:24:32,071 - ERROR - content判断失败或响应文本不是json格式，判断类型是eq, 预期值：处理成功, content的key是：msg,实际值：处理成功
2020-11-24 15:24:32,071 - ERROR - content判断失败或响应文本不是json格式，判断类型是eq, 预期值：处理成功, content的key是：msg,实际值：处理成功
2020-11-24 15:24:32,071 - ERROR - content判断失败或响应文本不是json格式，判断类型是eq, 预期值：处理成功, content的key是：msg,实际值：处理成功
2020-11-24 15:24:32,071 - ERROR - content判断失败或响应文本不是json格式，判断类型是eq, 预期值：处理成功, content的key是：msg,实际值：处理成功
2020-11-24 15:24:32,071 - ERROR - content判断失败或响应文本不是json格式，判断类型是eq, 预期值：处理成功, content的key是：msg,实际值：处理成功
2020-11-24 15:24:32,071 - ERROR - content判断失败或响应文本不是json格式，判断类型是eq, 预期值：处理成功, content的key是：msg,实际值：处理成功
2020-11-24 15:24:32,071 - ERROR - content判断失败或响应文本不是json格式，判断类型是eq, 预期值：处理成功, content的key是：msg,实际值：处理成功
2020-11-24 15:24:32,333 - ERROR - content判断失败或响应文本不是json格式，判断类型是eq, 预期值：处理成功, content的key是：msg,实际值：处理成功
2020-11-24 15:24:32,333 - ERROR - content判断失败或响应文本不是json格式，判断类型是eq, 预期值：处理成功, content的key是：msg,实际值：处理成功
2020-11-24 15:24:32,333 - ERROR - content判断失败或响应文本不是json格式，判断类型是eq, 预期值：处理成功, content的key是：msg,实际值：处理成功
2020-11-24 15:24:32,333 - ERROR - content判断失败或响应文本不是json格式，判断类型是eq, 预期值：处理成功, content的key是：msg,实际值：处理成功
2020-11-24 15:24:32,333 - ERROR - content判断失败或响应文本不是json格式，判断类型是eq, 预期值：处理成功, content的key是：msg,实际值：处理成功
2020-11-24 15:24:32,333 - ERROR - content判断失败或响应文本不是json格式，判断类型是eq, 预期值：处理成功, content的key是：msg,实际值：处理成功
2020-11-24 15:24:32,333 - ERROR - content判断失败或响应文本不是json格式，判断类型是eq, 预期值：处理成功, content的key是：msg,实际值：处理成功
2020-11-24 15:24:32,333 - ERROR - content判断失败或响应文本不是json格式，判断类型是eq, 预期值：处理成功, content的key是：msg,实际值：处理成功
2020-11-24 15:24:32,333 - ERROR - content判断失败或响应文本不是json格式，判断类型是eq, 预期值：处理成功, content的key是：msg,实际值：处理成功
2020-11-24 15:24:32,333 - ERROR - content判断失败或响应文本不是json格式，判断类型是eq, 预期值：处理成功, content的key是：msg,实际值：处理成功
2020-11-24 15:24:32,333 - ERROR - content判断失败或响应文本不是json格式，判断类型是eq, 预期值：处理成功, content的key是：msg,实际值：处理成功
2020-11-24 17:04:26,851 - ERROR - content判断失败或响应文本不是json格式，判断类型是eq, 预期值：处理成功, content的key是：msg,实际值：处理成功
2020-11-24 17:04:26,851 - ERROR - content判断失败或响应文本不是json格式，判断类型是eq, 预期值：处理成功, content的key是：msg,实际值：处理成功
2020-11-24 17:04:26,851 - ERROR - content判断失败或响应文本不是json格式，判断类型是eq, 预期值：处理成功, content的key是：msg,实际值：处理成功
2020-11-24 17:04:26,851 - ERROR - content判断失败或响应文本不是json格式，判断类型是eq, 预期值：处理成功, content的key是：msg,实际值：处理成功
2020-11-24 17:04:26,851 - ERROR - content判断失败或响应文本不是json格式，判断类型是eq, 预期值：处理成功, content的key是：msg,实际值：处理成功
2020-11-24 17:04:26,851 - ERROR - content判断失败或响应文本不是json格式，判断类型是eq, 预期值：处理成功, content的key是：msg,实际值：处理成功
2020-11-24 17:04:26,851 - ERROR - content判断失败或响应文本不是json格式，判断类型是eq, 预期值：处理成功, content的key是：msg,实际值：处理成功
2020-11-24 17:04:27,323 - ERROR - content判断失败或响应文本不是json格式，判断类型是eq, 预期值：处理成功, content的key是：msg,实际值：处理成功
2020-11-24 17:04:27,323 - ERROR - content判断失败或响应文本不是json格式，判断类型是eq, 预期值：处理成功, content的key是：msg,实际值：处理成功
2020-11-24 17:04:27,323 - ERROR - content判断失败或响应文本不是json格式，判断类型是eq, 预期值：处理成功, content的key是：msg,实际值：处理成功
2020-11-24 17:04:27,323 - ERROR - content判断失败或响应文本不是json格式，判断类型是eq, 预期值：处理成功, content的key是：msg,实际值：处理成功
2020-11-24 17:04:27,323 - ERROR - content判断失败或响应文本不是json格式，判断类型是eq, 预期值：处理成功, content的key是：msg,实际值：处理成功
2020-11-24 17:04:27,323 - ERROR - content判断失败或响应文本不是json格式，判断类型是eq, 预期值：处理成功, content的key是：msg,实际值：处理成功
2020-11-24 17:04:27,323 - ERROR - content判断失败或响应文本不是json格式，判断类型是eq, 预期值：处理成功, content的key是：msg,实际值：处理成功
2020-11-24 17:04:27,323 - ERROR - content判断失败或响应文本不是json格式，判断类型是eq, 预期值：处理成功, content的key是：msg,实际值：处理成功
2020-11-24 17:04:27,323 - ERROR - content判断失败或响应文本不是json格式，判断类型是eq, 预期值：处理成功, content的key是：msg,实际值：处理成功
2020-11-24 17:04:27,323 - ERROR - content判断失败或响应文本不是json格式，判断类型是eq, 预期值：处理成功, content的key是：msg,实际值：处理成功
2020-11-24 17:04:27,323 - ERROR - content判断失败或响应文本不是json格式，判断类型是eq, 预期值：处理成功, content的key是：msg,实际值：处理成功
2020-11-24 17:12:39,144 - ERROR - content判断失败或响应文本不是json格式，判断类型是eq, 预期值：处理成功, content的key是：msg,实际值：处理成功
2020-11-24 17:12:39,144 - ERROR - content判断失败或响应文本不是json格式，判断类型是eq, 预期值：处理成功, content的key是：msg,实际值：处理成功
2020-11-24 17:12:39,144 - ERROR - content判断失败或响应文本不是json格式，判断类型是eq, 预期值：处理成功, content的key是：msg,实际值：处理成功
2020-11-24 17:12:39,144 - ERROR - content判断失败或响应文本不是json格式，判断类型是eq, 预期值：处理成功, content的key是：msg,实际值：处理成功
2020-11-24 17:12:39,144 - ERROR - content判断失败或响应文本不是json格式，判断类型是eq, 预期值：处理成功, content的key是：msg,实际值：处理成功
2020-11-24 17:12:39,144 - ERROR - content判断失败或响应文本不是json格式，判断类型是eq, 预期值：处理成功, content的key是：msg,实际值：处理成功
2020-11-24 17:12:39,144 - ERROR - content判断失败或响应文本不是json格式，判断类型是eq, 预期值：处理成功, content的key是：msg,实际值：处理成功
2020-11-24 17:12:39,427 - ERROR - content判断失败或响应文本不是json格式，判断类型是eq, 预期值：处理成功, content的key是：msg,实际值：处理成功
2020-11-24 17:12:39,427 - ERROR - content判断失败或响应文本不是json格式，判断类型是eq, 预期值：处理成功, content的key是：msg,实际值：处理成功
2020-11-24 17:12:39,427 - ERROR - content判断失败或响应文本不是json格式，判断类型是eq, 预期值：处理成功, content的key是：msg,实际值：处理成功
2020-11-24 17:12:39,427 - ERROR - content判断失败或响应文本不是json格式，判断类型是eq, 预期值：处理成功, content的key是：msg,实际值：处理成功
2020-11-24 17:12:39,427 - ERROR - content判断失败或响应文本不是json格式，判断类型是eq, 预期值：处理成功, content的key是：msg,实际值：处理成功
2020-11-24 17:12:39,427 - ERROR - content判断失败或响应文本不是json格式，判断类型是eq, 预期值：处理成功, content的key是：msg,实际值：处理成功
2020-11-24 17:12:39,427 - ERROR - content判断失败或响应文本不是json格式，判断类型是eq, 预期值：处理成功, content的key是：msg,实际值：处理成功
2020-11-24 17:12:39,427 - ERROR - content判断失败或响应文本不是json格式，判断类型是eq, 预期值：处理成功, content的key是：msg,实际值：处理成功
2020-11-24 17:12:39,427 - ERROR - content判断失败或响应文本不是json格式，判断类型是eq, 预期值：处理成功, content的key是：msg,实际值：处理成功
2020-11-24 17:12:39,427 - ERROR - content判断失败或响应文本不是json格式，判断类型是eq, 预期值：处理成功, content的key是：msg,实际值：处理成功
2020-11-24 17:12:39,427 - ERROR - content判断失败或响应文本不是json格式，判断类型是eq, 预期值：处理成功, content的key是：msg,实际值：处理成功
2020-11-24 17:15:34,036 - INFO - content判断失败或响应文本不是json格式，判断类型是eq, 预期值：ok, content的key是：msg,实际值：
2020-11-24 17:15:34,036 - INFO - content判断失败或响应文本不是json格式，判断类型是eq, 预期值：ok, content的key是：msg,实际值：
2020-11-24 17:15:34,036 - INFO - content判断失败或响应文本不是json格式，判断类型是eq, 预期值：ok, content的key是：msg,实际值：
2020-11-24 17:15:34,036 - INFO - content判断失败或响应文本不是json格式，判断类型是eq, 预期值：ok, content的key是：msg,实际值：
2020-11-24 17:15:34,036 - INFO - content判断失败或响应文本不是json格式，判断类型是eq, 预期值：ok, content的key是：msg,实际值：
2020-11-24 17:15:34,036 - INFO - content判断失败或响应文本不是json格式，判断类型是eq, 预期值：ok, content的key是：msg,实际值：
2020-11-24 17:15:34,036 - INFO - content判断失败或响应文本不是json格式，判断类型是eq, 预期值：ok, content的key是：msg,实际值：
2020-11-24 17:15:34,036 - INFO - content判断失败或响应文本不是json格式，判断类型是eq, 预期值：ok, content的key是：msg,实际值：
2020-11-24 17:15:34,037 - ERROR - 异常判断类型：{key},判断值是{value}，响应数据是{response.content}
2020-11-24 17:15:34,037 - ERROR - 异常判断类型：{key},判断值是{value}，响应数据是{response.content}
2020-11-24 17:15:34,037 - ERROR - 异常判断类型：{key},判断值是{value}，响应数据是{response.content}
2020-11-24 17:15:34,037 - ERROR - 异常判断类型：{key},判断值是{value}，响应数据是{response.content}
2020-11-24 17:15:34,037 - ERROR - 异常判断类型：{key},判断值是{value}，响应数据是{response.content}
2020-11-24 17:15:34,037 - ERROR - 异常判断类型：{key},判断值是{value}，响应数据是{response.content}
2020-11-24 17:15:34,037 - ERROR - 异常判断类型：{key},判断值是{value}，响应数据是{response.content}
2020-11-24 17:15:34,037 - ERROR - 异常判断类型：{key},判断值是{value}，响应数据是{response.content}
2020-11-24 17:17:37,482 - INFO - content判断失败或响应文本不是json格式，判断类型是eq, 预期值：ok, content的key是：msg,实际值：
2020-11-24 17:17:37,482 - INFO - content判断失败或响应文本不是json格式，判断类型是eq, 预期值：ok, content的key是：msg,实际值：
2020-11-24 17:17:37,482 - INFO - content判断失败或响应文本不是json格式，判断类型是eq, 预期值：ok, content的key是：msg,实际值：
2020-11-24 17:17:37,482 - INFO - content判断失败或响应文本不是json格式，判断类型是eq, 预期值：ok, content的key是：msg,实际值：
2020-11-24 17:17:37,482 - INFO - content判断失败或响应文本不是json格式，判断类型是eq, 预期值：ok, content的key是：msg,实际值：
2020-11-24 17:17:37,482 - INFO - content判断失败或响应文本不是json格式，判断类型是eq, 预期值：ok, content的key是：msg,实际值：
2020-11-24 17:17:37,482 - INFO - content判断失败或响应文本不是json格式，判断类型是eq, 预期值：ok, content的key是：msg,实际值：
2020-11-24 17:17:37,482 - INFO - content判断失败或响应文本不是json格式，判断类型是eq, 预期值：ok, content的key是：msg,实际值：
2020-11-24 17:17:37,483 - ERROR - 异常判断类型：{key},判断值是{value}，响应数据是{response.content}
2020-11-24 17:17:37,483 - ERROR - 异常判断类型：{key},判断值是{value}，响应数据是{response.content}
2020-11-24 17:17:37,483 - ERROR - 异常判断类型：{key},判断值是{value}，响应数据是{response.content}
2020-11-24 17:17:37,483 - ERROR - 异常判断类型：{key},判断值是{value}，响应数据是{response.content}
2020-11-24 17:17:37,483 - ERROR - 异常判断类型：{key},判断值是{value}，响应数据是{response.content}
2020-11-24 17:17:37,483 - ERROR - 异常判断类型：{key},判断值是{value}，响应数据是{response.content}
2020-11-24 17:17:37,483 - ERROR - 异常判断类型：{key},判断值是{value}，响应数据是{response.content}
2020-11-24 17:17:37,483 - ERROR - 异常判断类型：{key},判断值是{value}，响应数据是{response.content}
2020-11-24 17:18:26,762 - ERROR - content判断失败或响应文本不是json格式，判断类型是eq, 预期值：处理成功, content的key是：msg,实际值：处理成功
2020-11-24 17:18:26,762 - ERROR - content判断失败或响应文本不是json格式，判断类型是eq, 预期值：处理成功, content的key是：msg,实际值：处理成功
2020-11-24 17:18:26,762 - ERROR - content判断失败或响应文本不是json格式，判断类型是eq, 预期值：处理成功, content的key是：msg,实际值：处理成功
2020-11-24 17:18:26,762 - ERROR - content判断失败或响应文本不是json格式，判断类型是eq, 预期值：处理成功, content的key是：msg,实际值：处理成功
2020-11-24 17:18:26,762 - ERROR - content判断失败或响应文本不是json格式，判断类型是eq, 预期值：处理成功, content的key是：msg,实际值：处理成功
2020-11-24 17:18:26,762 - ERROR - content判断失败或响应文本不是json格式，判断类型是eq, 预期值：处理成功, content的key是：msg,实际值：处理成功
2020-11-24 17:18:26,762 - ERROR - content判断失败或响应文本不是json格式，判断类型是eq, 预期值：处理成功, content的key是：msg,实际值：处理成功
2020-11-24 17:18:27,145 - ERROR - content判断失败或响应文本不是json格式，判断类型是eq, 预期值：处理成功, content的key是：msg,实际值：处理成功
2020-11-24 17:18:27,145 - ERROR - content判断失败或响应文本不是json格式，判断类型是eq, 预期值：处理成功, content的key是：msg,实际值：处理成功
2020-11-24 17:18:27,145 - ERROR - content判断失败或响应文本不是json格式，判断类型是eq, 预期值：处理成功, content的key是：msg,实际值：处理成功
2020-11-24 17:18:27,145 - ERROR - content判断失败或响应文本不是json格式，判断类型是eq, 预期值：处理成功, content的key是：msg,实际值：处理成功
2020-11-24 17:18:27,145 - ERROR - content判断失败或响应文本不是json格式，判断类型是eq, 预期值：处理成功, content的key是：msg,实际值：处理成功
2020-11-24 17:18:27,145 - ERROR - content判断失败或响应文本不是json格式，判断类型是eq, 预期值：处理成功, content的key是：msg,实际值：处理成功
2020-11-24 17:18:27,145 - ERROR - content判断失败或响应文本不是json格式，判断类型是eq, 预期值：处理成功, content的key是：msg,实际值：处理成功
2020-11-24 17:18:27,145 - ERROR - content判断失败或响应文本不是json格式，判断类型是eq, 预期值：处理成功, content的key是：msg,实际值：处理成功
2020-11-24 17:18:27,145 - ERROR - content判断失败或响应文本不是json格式，判断类型是eq, 预期值：处理成功, content的key是：msg,实际值：处理成功
2020-11-24 17:18:27,145 - ERROR - content判断失败或响应文本不是json格式，判断类型是eq, 预期值：处理成功, content的key是：msg,实际值：处理成功
2020-11-24 17:18:27,145 - ERROR - content判断失败或响应文本不是json格式，判断类型是eq, 预期值：处理成功, content的key是：msg,实际值：处理成功
2020-11-24 17:19:30,496 - ERROR - content判断失败或响应文本不是json格式，判断类型是eq, 预期值：处理成功, content的key是：msg,实际值：处理成功
2020-11-24 17:19:30,496 - ERROR - content判断失败或响应文本不是json格式，判断类型是eq, 预期值：处理成功, content的key是：msg,实际值：处理成功
2020-11-24 17:19:30,496 - ERROR - content判断失败或响应文本不是json格式，判断类型是eq, 预期值：处理成功, content的key是：msg,实际值：处理成功
2020-11-24 17:19:30,496 - ERROR - content判断失败或响应文本不是json格式，判断类型是eq, 预期值：处理成功, content的key是：msg,实际值：处理成功
2020-11-24 17:19:30,496 - ERROR - content判断失败或响应文本不是json格式，判断类型是eq, 预期值：处理成功, content的key是：msg,实际值：处理成功
2020-11-24 17:19:30,496 - ERROR - content判断失败或响应文本不是json格式，判断类型是eq, 预期值：处理成功, content的key是：msg,实际值：处理成功
2020-11-24 17:19:30,496 - ERROR - content判断失败或响应文本不是json格式，判断类型是eq, 预期值：处理成功, content的key是：msg,实际值：处理成功
2020-11-24 17:19:30,769 - ERROR - content判断失败或响应文本不是json格式，判断类型是eq, 预期值：处理成功, content的key是：msg,实际值：处理成功
2020-11-24 17:19:30,769 - ERROR - content判断失败或响应文本不是json格式，判断类型是eq, 预期值：处理成功, content的key是：msg,实际值：处理成功
2020-11-24 17:19:30,769 - ERROR - content判断失败或响应文本不是json格式，判断类型是eq, 预期值：处理成功, content的key是：msg,实际值：处理成功
2020-11-24 17:19:30,769 - ERROR - content判断失败或响应文本不是json格式，判断类型是eq, 预期值：处理成功, content的key是：msg,实际值：处理成功
2020-11-24 17:19:30,769 - ERROR - content判断失败或响应文本不是json格式，判断类型是eq, 预期值：处理成功, content的key是：msg,实际值：处理成功
2020-11-24 17:19:30,769 - ERROR - content判断失败或响应文本不是json格式，判断类型是eq, 预期值：处理成功, content的key是：msg,实际值：处理成功
2020-11-24 17:19:30,769 - ERROR - content判断失败或响应文本不是json格式，判断类型是eq, 预期值：处理成功, content的key是：msg,实际值：处理成功
2020-11-24 17:19:30,769 - ERROR - content判断失败或响应文本不是json格式，判断类型是eq, 预期值：处理成功, content的key是：msg,实际值：处理成功
2020-11-24 17:19:30,769 - ERROR - content判断失败或响应文本不是json格式，判断类型是eq, 预期值：处理成功, content的key是：msg,实际值：处理成功
2020-11-24 17:19:30,769 - ERROR - content判断失败或响应文本不是json格式，判断类型是eq, 预期值：处理成功, content的key是：msg,实际值：处理成功
2020-11-24 17:19:30,769 - ERROR - content判断失败或响应文本不是json格式，判断类型是eq, 预期值：处理成功, content的key是：msg,实际值：处理成功
2020-11-24 17:19:52,559 - ERROR - content判断失败或响应文本不是json格式，判断类型是eq, 预期值：处理成功, content的key是：msg,实际值：处理成功
2020-11-24 17:19:52,559 - ERROR - content判断失败或响应文本不是json格式，判断类型是eq, 预期值：处理成功, content的key是：msg,实际值：处理成功
2020-11-24 17:19:52,559 - ERROR - content判断失败或响应文本不是json格式，判断类型是eq, 预期值：处理成功, content的key是：msg,实际值：处理成功
2020-11-24 17:19:52,559 - ERROR - content判断失败或响应文本不是json格式，判断类型是eq, 预期值：处理成功, content的key是：msg,实际值：处理成功
2020-11-24 17:19:52,559 - ERROR - content判断失败或响应文本不是json格式，判断类型是eq, 预期值：处理成功, content的key是：msg,实际值：处理成功
2020-11-24 17:19:52,559 - ERROR - content判断失败或响应文本不是json格式，判断类型是eq, 预期值：处理成功, content的key是：msg,实际值：处理成功
2020-11-24 17:19:52,559 - ERROR - content判断失败或响应文本不是json格式，判断类型是eq, 预期值：处理成功, content的key是：msg,实际值：处理成功
2020-11-24 17:19:52,833 - ERROR - content判断失败或响应文本不是json格式，判断类型是eq, 预期值：处理成功, content的key是：msg,实际值：处理成功
2020-11-24 17:19:52,833 - ERROR - content判断失败或响应文本不是json格式，判断类型是eq, 预期值：处理成功, content的key是：msg,实际值：处理成功
2020-11-24 17:19:52,833 - ERROR - content判断失败或响应文本不是json格式，判断类型是eq, 预期值：处理成功, content的key是：msg,实际值：处理成功
2020-11-24 17:19:52,833 - ERROR - content判断失败或响应文本不是json格式，判断类型是eq, 预期值：处理成功, content的key是：msg,实际值：处理成功
2020-11-24 17:19:52,833 - ERROR - content判断失败或响应文本不是json格式，判断类型是eq, 预期值：处理成功, content的key是：msg,实际值：处理成功
2020-11-24 17:19:52,833 - ERROR - content判断失败或响应文本不是json格式，判断类型是eq, 预期值：处理成功, content的key是：msg,实际值：处理成功
2020-11-24 17:19:52,833 - ERROR - content判断失败或响应文本不是json格式，判断类型是eq, 预期值：处理成功, content的key是：msg,实际值：处理成功
2020-11-24 17:19:52,833 - ERROR - content判断失败或响应文本不是json格式，判断类型是eq, 预期值：处理成功, content的key是：msg,实际值：处理成功
2020-11-24 17:19:52,833 - ERROR - content判断失败或响应文本不是json格式，判断类型是eq, 预期值：处理成功, content的key是：msg,实际值：处理成功
2020-11-24 17:19:52,833 - ERROR - content判断失败或响应文本不是json格式，判断类型是eq, 预期值：处理成功, content的key是：msg,实际值：处理成功
2020-11-24 17:19:52,833 - ERROR - content判断失败或响应文本不是json格式，判断类型是eq, 预期值：处理成功, content的key是：msg,实际值：处理成功
2020-11-24 17:22:12,963 - INFO - content判断失败或响应文本不是json格式，判断类型是eq, 预期值：ok, content的key是：msg,实际值：
2020-11-24 17:22:12,963 - INFO - content判断失败或响应文本不是json格式，判断类型是eq, 预期值：ok, content的key是：msg,实际值：
2020-11-24 17:22:12,963 - INFO - content判断失败或响应文本不是json格式，判断类型是eq, 预期值：ok, content的key是：msg,实际值：
2020-11-24 17:22:12,963 - INFO - content判断失败或响应文本不是json格式，判断类型是eq, 预期值：ok, content的key是：msg,实际值：
2020-11-24 17:22:12,963 - INFO - content判断失败或响应文本不是json格式，判断类型是eq, 预期值：ok, content的key是：msg,实际值：
2020-11-24 17:22:12,963 - INFO - content判断失败或响应文本不是json格式，判断类型是eq, 预期值：ok, content的key是：msg,实际值：
2020-11-24 17:22:12,963 - INFO - content判断失败或响应文本不是json格式，判断类型是eq, 预期值：ok, content的key是：msg,实际值：
2020-11-24 17:22:12,963 - INFO - content判断失败或响应文本不是json格式，判断类型是eq, 预期值：ok, content的key是：msg,实际值：
2020-11-24 17:22:12,963 - ERROR - 异常判断类型：{key},判断值是{value}，响应数据是{response.content}
2020-11-24 17:22:12,963 - ERROR - 异常判断类型：{key},判断值是{value}，响应数据是{response.content}
2020-11-24 17:22:12,963 - ERROR - 异常判断类型：{key},判断值是{value}，响应数据是{response.content}
2020-11-24 17:22:12,963 - ERROR - 异常判断类型：{key},判断值是{value}，响应数据是{response.content}
2020-11-24 17:22:12,963 - ERROR - 异常判断类型：{key},判断值是{value}，响应数据是{response.content}
2020-11-24 17:22:12,963 - ERROR - 异常判断类型：{key},判断值是{value}，响应数据是{response.content}
2020-11-24 17:22:12,963 - ERROR - 异常判断类型：{key},判断值是{value}，响应数据是{response.content}
2020-11-24 17:22:12,963 - ERROR - 异常判断类型：{key},判断值是{value}，响应数据是{response.content}
2020-11-24 17:26:32,210 - ERROR - content判断失败或响应文本不是json格式，判断类型是eq, 预期值：处理成功, content的key是：msg,实际值：处理成功
2020-11-24 17:26:32,210 - ERROR - content判断失败或响应文本不是json格式，判断类型是eq, 预期值：处理成功, content的key是：msg,实际值：处理成功
2020-11-24 17:26:32,210 - ERROR - content判断失败或响应文本不是json格式，判断类型是eq, 预期值：处理成功, content的key是：msg,实际值：处理成功
2020-11-24 17:26:32,210 - ERROR - content判断失败或响应文本不是json格式，判断类型是eq, 预期值：处理成功, content的key是：msg,实际值：处理成功
2020-11-24 17:26:32,210 - ERROR - content判断失败或响应文本不是json格式，判断类型是eq, 预期值：处理成功, content的key是：msg,实际值：处理成功
2020-11-24 17:26:32,210 - ERROR - content判断失败或响应文本不是json格式，判断类型是eq, 预期值：处理成功, content的key是：msg,实际值：处理成功
2020-11-24 17:26:32,210 - ERROR - content判断失败或响应文本不是json格式，判断类型是eq, 预期值：处理成功, content的key是：msg,实际值：处理成功
2020-11-24 17:26:32,487 - ERROR - content判断失败或响应文本不是json格式，判断类型是eq, 预期值：处理成功, content的key是：msg,实际值：处理成功
2020-11-24 17:26:32,487 - ERROR - content判断失败或响应文本不是json格式，判断类型是eq, 预期值：处理成功, content的key是：msg,实际值：处理成功
2020-11-24 17:26:32,487 - ERROR - content判断失败或响应文本不是json格式，判断类型是eq, 预期值：处理成功, content的key是：msg,实际值：处理成功
2020-11-24 17:26:32,487 - ERROR - content判断失败或响应文本不是json格式，判断类型是eq, 预期值：处理成功, content的key是：msg,实际值：处理成功
2020-11-24 17:26:32,487 - ERROR - content判断失败或响应文本不是json格式，判断类型是eq, 预期值：处理成功, content的key是：msg,实际值：处理成功
2020-11-24 17:26:32,487 - ERROR - content判断失败或响应文本不是json格式，判断类型是eq, 预期值：处理成功, content的key是：msg,实际值：处理成功
2020-11-24 17:26:32,487 - ERROR - content判断失败或响应文本不是json格式，判断类型是eq, 预期值：处理成功, content的key是：msg,实际值：处理成功
2020-11-24 17:26:32,487 - ERROR - content判断失败或响应文本不是json格式，判断类型是eq, 预期值：处理成功, content的key是：msg,实际值：处理成功
2020-11-24 17:26:32,487 - ERROR - content判断失败或响应文本不是json格式，判断类型是eq, 预期值：处理成功, content的key是：msg,实际值：处理成功
2020-11-24 17:26:32,487 - ERROR - content判断失败或响应文本不是json格式，判断类型是eq, 预期值：处理成功, content的key是：msg,实际值：处理成功
2020-11-24 17:26:32,487 - ERROR - content判断失败或响应文本不是json格式，判断类型是eq, 预期值：处理成功, content的key是：msg,实际值：处理成功
2020-11-24 17:38:23,602 - ERROR - content判断失败或响应文本不是json格式，判断类型是eq, 预期值：处理成功, content的key是：msg,实际值：处理成功
2020-11-24 17:38:23,602 - ERROR - content判断失败或响应文本不是json格式，判断类型是eq, 预期值：处理成功, content的key是：msg,实际值：处理成功
2020-11-24 17:38:23,602 - ERROR - content判断失败或响应文本不是json格式，判断类型是eq, 预期值：处理成功, content的key是：msg,实际值：处理成功
2020-11-24 17:38:23,602 - ERROR - content判断失败或响应文本不是json格式，判断类型是eq, 预期值：处理成功, content的key是：msg,实际值：处理成功
2020-11-24 17:38:23,602 - ERROR - content判断失败或响应文本不是json格式，判断类型是eq, 预期值：处理成功, content的key是：msg,实际值：处理成功
2020-11-24 17:38:23,602 - ERROR - content判断失败或响应文本不是json格式，判断类型是eq, 预期值：处理成功, content的key是：msg,实际值：处理成功
2020-11-24 17:38:23,602 - ERROR - content判断失败或响应文本不是json格式，判断类型是eq, 预期值：处理成功, content的key是：msg,实际值：处理成功
2020-11-24 17:38:23,879 - ERROR - content判断失败或响应文本不是json格式，判断类型是eq, 预期值：处理成功, content的key是：msg,实际值：处理成功
2020-11-24 17:38:23,879 - ERROR - content判断失败或响应文本不是json格式，判断类型是eq, 预期值：处理成功, content的key是：msg,实际值：处理成功
2020-11-24 17:38:23,879 - ERROR - content判断失败或响应文本不是json格式，判断类型是eq, 预期值：处理成功, content的key是：msg,实际值：处理成功
2020-11-24 17:38:23,879 - ERROR - content判断失败或响应文本不是json格式，判断类型是eq, 预期值：处理成功, content的key是：msg,实际值：处理成功
2020-11-24 17:38:23,879 - ERROR - content判断失败或响应文本不是json格式，判断类型是eq, 预期值：处理成功, content的key是：msg,实际值：处理成功
2020-11-24 17:38:23,879 - ERROR - content判断失败或响应文本不是json格式，判断类型是eq, 预期值：处理成功, content的key是：msg,实际值：处理成功
2020-11-24 17:38:23,879 - ERROR - content判断失败或响应文本不是json格式，判断类型是eq, 预期值：处理成功, content的key是：msg,实际值：处理成功
2020-11-24 17:38:23,879 - ERROR - content判断失败或响应文本不是json格式，判断类型是eq, 预期值：处理成功, content的key是：msg,实际值：处理成功
2020-11-24 17:38:23,879 - ERROR - content判断失败或响应文本不是json格式，判断类型是eq, 预期值：处理成功, content的key是：msg,实际值：处理成功
2020-11-24 17:38:23,879 - ERROR - content判断失败或响应文本不是json格式，判断类型是eq, 预期值：处理成功, content的key是：msg,实际值：处理成功
2020-11-24 17:38:23,879 - ERROR - content判断失败或响应文本不是json格式，判断类型是eq, 预期值：处理成功, content的key是：msg,实际值：处理成功
2020-11-24 17:39:41,849 - ERROR - content判断失败或响应文本不是json格式，判断类型是eq, 预期值：处理成功, content的key是：msg,实际值：处理成功
2020-11-24 17:39:41,849 - ERROR - content判断失败或响应文本不是json格式，判断类型是eq, 预期值：处理成功, content的key是：msg,实际值：处理成功
2020-11-24 17:39:41,849 - ERROR - content判断失败或响应文本不是json格式，判断类型是eq, 预期值：处理成功, content的key是：msg,实际值：处理成功
2020-11-24 17:39:41,849 - ERROR - content判断失败或响应文本不是json格式，判断类型是eq, 预期值：处理成功, content的key是：msg,实际值：处理成功
2020-11-24 17:39:41,849 - ERROR - content判断失败或响应文本不是json格式，判断类型是eq, 预期值：处理成功, content的key是：msg,实际值：处理成功
2020-11-24 17:39:41,849 - ERROR - content判断失败或响应文本不是json格式，判断类型是eq, 预期值：处理成功, content的key是：msg,实际值：处理成功
2020-11-24 17:39:41,849 - ERROR - content判断失败或响应文本不是json格式，判断类型是eq, 预期值：处理成功, content的key是：msg,实际值：处理成功
2020-11-24 17:39:42,144 - ERROR - content判断失败或响应文本不是json格式，判断类型是eq, 预期值：处理成功, content的key是：msg,实际值：处理成功
2020-11-24 17:39:42,144 - ERROR - content判断失败或响应文本不是json格式，判断类型是eq, 预期值：处理成功, content的key是：msg,实际值：处理成功
2020-11-24 17:39:42,144 - ERROR - content判断失败或响应文本不是json格式，判断类型是eq, 预期值：处理成功, content的key是：msg,实际值：处理成功
2020-11-24 17:39:42,144 - ERROR - content判断失败或响应文本不是json格式，判断类型是eq, 预期值：处理成功, content的key是：msg,实际值：处理成功
2020-11-24 17:39:42,144 - ERROR - content判断失败或响应文本不是json格式，判断类型是eq, 预期值：处理成功, content的key是：msg,实际值：处理成功
2020-11-24 17:39:42,144 - ERROR - content判断失败或响应文本不是json格式，判断类型是eq, 预期值：处理成功, content的key是：msg,实际值：处理成功
2020-11-24 17:39:42,144 - ERROR - content判断失败或响应文本不是json格式，判断类型是eq, 预期值：处理成功, content的key是：msg,实际值：处理成功
2020-11-24 17:39:42,144 - ERROR - content判断失败或响应文本不是json格式，判断类型是eq, 预期值：处理成功, content的key是：msg,实际值：处理成功
2020-11-24 17:39:42,144 - ERROR - content判断失败或响应文本不是json格式，判断类型是eq, 预期值：处理成功, content的key是：msg,实际值：处理成功
2020-11-24 17:39:42,144 - ERROR - content判断失败或响应文本不是json格式，判断类型是eq, 预期值：处理成功, content的key是：msg,实际值：处理成功
2020-11-24 17:39:42,144 - ERROR - content判断失败或响应文本不是json格式，判断类型是eq, 预期值：处理成功, content的key是：msg,实际值：处理成功
2020-11-24 17:41:41,648 - ERROR - content判断失败或响应文本不是json格式，判断类型是eq, 预期值：处理成功, content的key是：msg,实际值：处理成功
2020-11-24 17:41:41,648 - ERROR - content判断失败或响应文本不是json格式，判断类型是eq, 预期值：处理成功, content的key是：msg,实际值：处理成功
2020-11-24 17:41:41,648 - ERROR - content判断失败或响应文本不是json格式，判断类型是eq, 预期值：处理成功, content的key是：msg,实际值：处理成功
2020-11-24 17:41:41,648 - ERROR - content判断失败或响应文本不是json格式，判断类型是eq, 预期值：处理成功, content的key是：msg,实际值：处理成功
2020-11-24 17:41:41,648 - ERROR - content判断失败或响应文本不是json格式，判断类型是eq, 预期值：处理成功, content的key是：msg,实际值：处理成功
2020-11-24 17:41:41,648 - ERROR - content判断失败或响应文本不是json格式，判断类型是eq, 预期值：处理成功, content的key是：msg,实际值：处理成功
2020-11-24 17:41:41,648 - ERROR - content判断失败或响应文本不是json格式，判断类型是eq, 预期值：处理成功, content的key是：msg,实际值：处理成功
2020-11-24 17:41:41,938 - ERROR - content判断失败或响应文本不是json格式，判断类型是eq, 预期值：处理成功, content的key是：msg,实际值：处理成功
2020-11-24 17:41:41,938 - ERROR - content判断失败或响应文本不是json格式，判断类型是eq, 预期值：处理成功, content的key是：msg,实际值：处理成功
2020-11-24 17:41:41,938 - ERROR - content判断失败或响应文本不是json格式，判断类型是eq, 预期值：处理成功, content的key是：msg,实际值：处理成功
2020-11-24 17:41:41,938 - ERROR - content判断失败或响应文本不是json格式，判断类型是eq, 预期值：处理成功, content的key是：msg,实际值：处理成功
2020-11-24 17:41:41,938 - ERROR - content判断失败或响应文本不是json格式，判断类型是eq, 预期值：处理成功, content的key是：msg,实际值：处理成功
2020-11-24 17:41:41,938 - ERROR - content判断失败或响应文本不是json格式，判断类型是eq, 预期值：处理成功, content的key是：msg,实际值：处理成功
2020-11-24 17:41:41,938 - ERROR - content判断失败或响应文本不是json格式，判断类型是eq, 预期值：处理成功, content的key是：msg,实际值：处理成功
2020-11-24 17:41:41,938 - ERROR - content判断失败或响应文本不是json格式，判断类型是eq, 预期值：处理成功, content的key是：msg,实际值：处理成功
2020-11-24 17:41:41,938 - ERROR - content判断失败或响应文本不是json格式，判断类型是eq, 预期值：处理成功, content的key是：msg,实际值：处理成功
2020-11-24 17:41:41,938 - ERROR - content判断失败或响应文本不是json格式，判断类型是eq, 预期值：处理成功, content的key是：msg,实际值：处理成功
2020-11-24 17:41:41,938 - ERROR - content判断失败或响应文本不是json格式，判断类型是eq, 预期值：处理成功, content的key是：msg,实际值：处理成功
2020-11-24 17:43:49,427 - ERROR - content判断失败或响应文本不是json格式，判断类型是eq, 预期值：处理成功, content的key是：msg,实际值：处理成功
2020-11-24 17:43:49,427 - ERROR - content判断失败或响应文本不是json格式，判断类型是eq, 预期值：处理成功, content的key是：msg,实际值：处理成功
2020-11-24 17:43:49,427 - ERROR - content判断失败或响应文本不是json格式，判断类型是eq, 预期值：处理成功, content的key是：msg,实际值：处理成功
2020-11-24 17:43:49,427 - ERROR - content判断失败或响应文本不是json格式，判断类型是eq, 预期值：处理成功, content的key是：msg,实际值：处理成功
2020-11-24 17:43:49,427 - ERROR - content判断失败或响应文本不是json格式，判断类型是eq, 预期值：处理成功, content的key是：msg,实际值：处理成功
2020-11-24 17:43:49,427 - ERROR - content判断失败或响应文本不是json格式，判断类型是eq, 预期值：处理成功, content的key是：msg,实际值：处理成功
2020-11-24 17:43:49,427 - ERROR - content判断失败或响应文本不是json格式，判断类型是eq, 预期值：处理成功, content的key是：msg,实际值：处理成功
2020-11-24 17:43:49,711 - ERROR - content判断失败或响应文本不是json格式，判断类型是eq, 预期值：处理成功, content的key是：msg,实际值：处理成功
2020-11-24 17:43:49,711 - ERROR - content判断失败或响应文本不是json格式，判断类型是eq, 预期值：处理成功, content的key是：msg,实际值：处理成功
2020-11-24 17:43:49,711 - ERROR - content判断失败或响应文本不是json格式，判断类型是eq, 预期值：处理成功, content的key是：msg,实际值：处理成功
2020-11-24 17:43:49,711 - ERROR - content判断失败或响应文本不是json格式，判断类型是eq, 预期值：处理成功, content的key是：msg,实际值：处理成功
2020-11-24 17:43:49,711 - ERROR - content判断失败或响应文本不是json格式，判断类型是eq, 预期值：处理成功, content的key是：msg,实际值：处理成功
2020-11-24 17:43:49,711 - ERROR - content判断失败或响应文本不是json格式，判断类型是eq, 预期值：处理成功, content的key是：msg,实际值：处理成功
2020-11-24 17:43:49,711 - ERROR - content判断失败或响应文本不是json格式，判断类型是eq, 预期值：处理成功, content的key是：msg,实际值：处理成功
2020-11-24 17:43:49,711 - ERROR - content判断失败或响应文本不是json格式，判断类型是eq, 预期值：处理成功, content的key是：msg,实际值：处理成功
2020-11-24 17:43:49,711 - ERROR - content判断失败或响应文本不是json格式，判断类型是eq, 预期值：处理成功, content的key是：msg,实际值：处理成功
2020-11-24 17:43:49,711 - ERROR - content判断失败或响应文本不是json格式，判断类型是eq, 预期值：处理成功, content的key是：msg,实际值：处理成功
2020-11-24 17:43:49,711 - ERROR - content判断失败或响应文本不是json格式，判断类型是eq, 预期值：处理成功, content的key是：msg,实际值：处理成功
2020-11-24 17:44:37,532 - ERROR - content判断失败或响应文本不是json格式，判断类型是eq, 预期值：处理成功, content的key是：msg,实际值：处理成功
2020-11-24 17:44:37,532 - ERROR - content判断失败或响应文本不是json格式，判断类型是eq, 预期值：处理成功, content的key是：msg,实际值：处理成功
2020-11-24 17:44:37,532 - ERROR - content判断失败或响应文本不是json格式，判断类型是eq, 预期值：处理成功, content的key是：msg,实际值：处理成功
2020-11-24 17:44:37,532 - ERROR - content判断失败或响应文本不是json格式，判断类型是eq, 预期值：处理成功, content的key是：msg,实际值：处理成功
2020-11-24 17:44:37,532 - ERROR - content判断失败或响应文本不是json格式，判断类型是eq, 预期值：处理成功, content的key是：msg,实际值：处理成功
2020-11-24 17:44:37,532 - ERROR - content判断失败或响应文本不是json格式，判断类型是eq, 预期值：处理成功, content的key是：msg,实际值：处理成功
2020-11-24 17:44:37,532 - ERROR - content判断失败或响应文本不是json格式，判断类型是eq, 预期值：处理成功, content的key是：msg,实际值：处理成功
2020-11-24 17:44:37,805 - ERROR - content判断失败或响应文本不是json格式，判断类型是eq, 预期值：处理成功, content的key是：msg,实际值：处理成功
2020-11-24 17:44:37,805 - ERROR - content判断失败或响应文本不是json格式，判断类型是eq, 预期值：处理成功, content的key是：msg,实际值：处理成功
2020-11-24 17:44:37,805 - ERROR - content判断失败或响应文本不是json格式，判断类型是eq, 预期值：处理成功, content的key是：msg,实际值：处理成功
2020-11-24 17:44:37,805 - ERROR - content判断失败或响应文本不是json格式，判断类型是eq, 预期值：处理成功, content的key是：msg,实际值：处理成功
2020-11-24 17:44:37,805 - ERROR - content判断失败或响应文本不是json格式，判断类型是eq, 预期值：处理成功, content的key是：msg,实际值：处理成功
2020-11-24 17:44:37,805 - ERROR - content判断失败或响应文本不是json格式，判断类型是eq, 预期值：处理成功, content的key是：msg,实际值：处理成功
2020-11-24 17:44:37,805 - ERROR - content判断失败或响应文本不是json格式，判断类型是eq, 预期值：处理成功, content的key是：msg,实际值：处理成功
2020-11-24 17:44:37,805 - ERROR - content判断失败或响应文本不是json格式，判断类型是eq, 预期值：处理成功, content的key是：msg,实际值：处理成功
2020-11-24 17:44:37,805 - ERROR - content判断失败或响应文本不是json格式，判断类型是eq, 预期值：处理成功, content的key是：msg,实际值：处理成功
2020-11-24 17:44:37,805 - ERROR - content判断失败或响应文本不是json格式，判断类型是eq, 预期值：处理成功, content的key是：msg,实际值：处理成功
2020-11-24 17:44:37,805 - ERROR - content判断失败或响应文本不是json格式，判断类型是eq, 预期值：处理成功, content的key是：msg,实际值：处理成功
2020-11-24 17:48:07,939 - ERROR - content判断失败或响应文本不是json格式，判断类型是eq, 预期值：处理成功, content的key是：msg,实际值：处理成功
2020-11-24 17:48:07,939 - ERROR - content判断失败或响应文本不是json格式，判断类型是eq, 预期值：处理成功, content的key是：msg,实际值：处理成功
2020-11-24 17:48:07,939 - ERROR - content判断失败或响应文本不是json格式，判断类型是eq, 预期值：处理成功, content的key是：msg,实际值：处理成功
2020-11-24 17:48:07,939 - ERROR - content判断失败或响应文本不是json格式，判断类型是eq, 预期值：处理成功, content的key是：msg,实际值：处理成功
2020-11-24 17:48:07,939 - ERROR - content判断失败或响应文本不是json格式，判断类型是eq, 预期值：处理成功, content的key是：msg,实际值：处理成功
2020-11-24 17:48:07,939 - ERROR - content判断失败或响应文本不是json格式，判断类型是eq, 预期值：处理成功, content的key是：msg,实际值：处理成功
2020-11-24 17:48:07,939 - ERROR - content判断失败或响应文本不是json格式，判断类型是eq, 预期值：处理成功, content的key是：msg,实际值：处理成功
2020-11-24 17:48:08,210 - ERROR - content判断失败或响应文本不是json格式，判断类型是eq, 预期值：处理成功, content的key是：msg,实际值：处理成功
2020-11-24 17:48:08,210 - ERROR - content判断失败或响应文本不是json格式，判断类型是eq, 预期值：处理成功, content的key是：msg,实际值：处理成功
2020-11-24 17:48:08,210 - ERROR - content判断失败或响应文本不是json格式，判断类型是eq, 预期值：处理成功, content的key是：msg,实际值：处理成功
2020-11-24 17:48:08,210 - ERROR - content判断失败或响应文本不是json格式，判断类型是eq, 预期值：处理成功, content的key是：msg,实际值：处理成功
2020-11-24 17:48:08,210 - ERROR - content判断失败或响应文本不是json格式，判断类型是eq, 预期值：处理成功, content的key是：msg,实际值：处理成功
2020-11-24 17:48:08,210 - ERROR - content判断失败或响应文本不是json格式，判断类型是eq, 预期值：处理成功, content的key是：msg,实际值：处理成功
2020-11-24 17:48:08,210 - ERROR - content判断失败或响应文本不是json格式，判断类型是eq, 预期值：处理成功, content的key是：msg,实际值：处理成功
2020-11-24 17:48:08,210 - ERROR - content判断失败或响应文本不是json格式，判断类型是eq, 预期值：处理成功, content的key是：msg,实际值：处理成功
2020-11-24 17:48:08,210 - ERROR - content判断失败或响应文本不是json格式，判断类型是eq, 预期值：处理成功, content的key是：msg,实际值：处理成功
2020-11-24 17:48:08,210 - ERROR - content判断失败或响应文本不是json格式，判断类型是eq, 预期值：处理成功, content的key是：msg,实际值：处理成功
2020-11-24 17:48:08,210 - ERROR - content判断失败或响应文本不是json格式，判断类型是eq, 预期值：处理成功, content的key是：msg,实际值：处理成功
2020-11-24 17:50:23,980 - ERROR - content判断失败或响应文本不是json格式，判断类型是eq, 预期值：处理成功, content的key是：msg,实际值：处理成功
2020-11-24 17:50:23,980 - ERROR - content判断失败或响应文本不是json格式，判断类型是eq, 预期值：处理成功, content的key是：msg,实际值：处理成功
2020-11-24 17:50:23,980 - ERROR - content判断失败或响应文本不是json格式，判断类型是eq, 预期值：处理成功, content的key是：msg,实际值：处理成功
2020-11-24 17:50:23,980 - ERROR - content判断失败或响应文本不是json格式，判断类型是eq, 预期值：处理成功, content的key是：msg,实际值：处理成功
2020-11-24 17:50:23,980 - ERROR - content判断失败或响应文本不是json格式，判断类型是eq, 预期值：处理成功, content的key是：msg,实际值：处理成功
2020-11-24 17:50:23,980 - ERROR - content判断失败或响应文本不是json格式，判断类型是eq, 预期值：处理成功, content的key是：msg,实际值：处理成功
2020-11-24 17:50:23,980 - ERROR - content判断失败或响应文本不是json格式，判断类型是eq, 预期值：处理成功, content的key是：msg,实际值：处理成功
2020-11-24 17:50:24,259 - ERROR - content判断失败或响应文本不是json格式，判断类型是eq, 预期值：处理成功, content的key是：msg,实际值：处理成功
2020-11-24 17:50:24,259 - ERROR - content判断失败或响应文本不是json格式，判断类型是eq, 预期值：处理成功, content的key是：msg,实际值：处理成功
2020-11-24 17:50:24,259 - ERROR - content判断失败或响应文本不是json格式，判断类型是eq, 预期值：处理成功, content的key是：msg,实际值：处理成功
2020-11-24 17:50:24,259 - ERROR - content判断失败或响应文本不是json格式，判断类型是eq, 预期值：处理成功, content的key是：msg,实际值：处理成功
2020-11-24 17:50:24,259 - ERROR - content判断失败或响应文本不是json格式，判断类型是eq, 预期值：处理成功, content的key是：msg,实际值：处理成功
2020-11-24 17:50:24,259 - ERROR - content判断失败或响应文本不是json格式，判断类型是eq, 预期值：处理成功, content的key是：msg,实际值：处理成功
2020-11-24 17:50:24,259 - ERROR - content判断失败或响应文本不是json格式，判断类型是eq, 预期值：处理成功, content的key是：msg,实际值：处理成功
2020-11-24 17:50:24,259 - ERROR - content判断失败或响应文本不是json格式，判断类型是eq, 预期值：处理成功, content的key是：msg,实际值：处理成功
2020-11-24 17:50:24,259 - ERROR - content判断失败或响应文本不是json格式，判断类型是eq, 预期值：处理成功, content的key是：msg,实际值：处理成功
2020-11-24 17:50:24,259 - ERROR - content判断失败或响应文本不是json格式，判断类型是eq, 预期值：处理成功, content的key是：msg,实际值：处理成功
2020-11-24 17:50:24,259 - ERROR - content判断失败或响应文本不是json格式，判断类型是eq, 预期值：处理成功, content的key是：msg,实际值：处理成功
2020-11-24 17:51:10,559 - ERROR - content判断失败或响应文本不是json格式，判断类型是eq, 预期值：处理成功, content的key是：msg,实际值：处理成功
2020-11-24 17:51:10,559 - ERROR - content判断失败或响应文本不是json格式，判断类型是eq, 预期值：处理成功, content的key是：msg,实际值：处理成功
2020-11-24 17:51:10,559 - ERROR - content判断失败或响应文本不是json格式，判断类型是eq, 预期值：处理成功, content的key是：msg,实际值：处理成功
2020-11-24 17:51:10,559 - ERROR - content判断失败或响应文本不是json格式，判断类型是eq, 预期值：处理成功, content的key是：msg,实际值：处理成功
2020-11-24 17:51:10,559 - ERROR - content判断失败或响应文本不是json格式，判断类型是eq, 预期值：处理成功, content的key是：msg,实际值：处理成功
2020-11-24 17:51:10,559 - ERROR - content判断失败或响应文本不是json格式，判断类型是eq, 预期值：处理成功, content的key是：msg,实际值：处理成功
2020-11-24 17:51:10,559 - ERROR - content判断失败或响应文本不是json格式，判断类型是eq, 预期值：处理成功, content的key是：msg,实际值：处理成功
2020-11-24 17:51:10,837 - ERROR - content判断失败或响应文本不是json格式，判断类型是eq, 预期值：处理成功, content的key是：msg,实际值：处理成功
2020-11-24 17:51:10,837 - ERROR - content判断失败或响应文本不是json格式，判断类型是eq, 预期值：处理成功, content的key是：msg,实际值：处理成功
2020-11-24 17:51:10,837 - ERROR - content判断失败或响应文本不是json格式，判断类型是eq, 预期值：处理成功, content的key是：msg,实际值：处理成功
2020-11-24 17:51:10,837 - ERROR - content判断失败或响应文本不是json格式，判断类型是eq, 预期值：处理成功, content的key是：msg,实际值：处理成功
2020-11-24 17:51:10,837 - ERROR - content判断失败或响应文本不是json格式，判断类型是eq, 预期值：处理成功, content的key是：msg,实际值：处理成功
2020-11-24 17:51:10,837 - ERROR - content判断失败或响应文本不是json格式，判断类型是eq, 预期值：处理成功, content的key是：msg,实际值：处理成功
2020-11-24 17:51:10,837 - ERROR - content判断失败或响应文本不是json格式，判断类型是eq, 预期值：处理成功, content的key是：msg,实际值：处理成功
2020-11-24 17:51:10,837 - ERROR - content判断失败或响应文本不是json格式，判断类型是eq, 预期值：处理成功, content的key是：msg,实际值：处理成功
2020-11-24 17:51:10,837 - ERROR - content判断失败或响应文本不是json格式，判断类型是eq, 预期值：处理成功, content的key是：msg,实际值：处理成功
2020-11-24 17:51:10,837 - ERROR - content判断失败或响应文本不是json格式，判断类型是eq, 预期值：处理成功, content的key是：msg,实际值：处理成功
2020-11-24 17:51:10,837 - ERROR - content判断失败或响应文本不是json格式，判断类型是eq, 预期值：处理成功, content的key是：msg,实际值：处理成功
2020-11-24 17:52:47,806 - ERROR - content判断失败或响应文本不是json格式，判断类型是eq, 预期值：处理成功, content的key是：msg,实际值：处理成功
2020-11-24 17:52:47,806 - ERROR - content判断失败或响应文本不是json格式，判断类型是eq, 预期值：处理成功, content的key是：msg,实际值：处理成功
2020-11-24 17:52:47,806 - ERROR - content判断失败或响应文本不是json格式，判断类型是eq, 预期值：处理成功, content的key是：msg,实际值：处理成功
2020-11-24 17:52:47,806 - ERROR - content判断失败或响应文本不是json格式，判断类型是eq, 预期值：处理成功, content的key是：msg,实际值：处理成功
2020-11-24 17:52:47,806 - ERROR - content判断失败或响应文本不是json格式，判断类型是eq, 预期值：处理成功, content的key是：msg,实际值：处理成功
2020-11-24 17:52:47,806 - ERROR - content判断失败或响应文本不是json格式，判断类型是eq, 预期值：处理成功, content的key是：msg,实际值：处理成功
2020-11-24 17:52:47,806 - ERROR - content判断失败或响应文本不是json格式，判断类型是eq, 预期值：处理成功, content的key是：msg,实际值：处理成功
2020-11-24 17:52:48,090 - ERROR - content判断失败或响应文本不是json格式，判断类型是eq, 预期值：处理成功, content的key是：msg,实际值：处理成功
2020-11-24 17:52:48,090 - ERROR - content判断失败或响应文本不是json格式，判断类型是eq, 预期值：处理成功, content的key是：msg,实际值：处理成功
2020-11-24 17:52:48,090 - ERROR - content判断失败或响应文本不是json格式，判断类型是eq, 预期值：处理成功, content的key是：msg,实际值：处理成功
2020-11-24 17:52:48,090 - ERROR - content判断失败或响应文本不是json格式，判断类型是eq, 预期值：处理成功, content的key是：msg,实际值：处理成功
2020-11-24 17:52:48,090 - ERROR - content判断失败或响应文本不是json格式，判断类型是eq, 预期值：处理成功, content的key是：msg,实际值：处理成功
2020-11-24 17:52:48,090 - ERROR - content判断失败或响应文本不是json格式，判断类型是eq, 预期值：处理成功, content的key是：msg,实际值：处理成功
2020-11-24 17:52:48,090 - ERROR - content判断失败或响应文本不是json格式，判断类型是eq, 预期值：处理成功, content的key是：msg,实际值：处理成功
2020-11-24 17:52:48,090 - ERROR - content判断失败或响应文本不是json格式，判断类型是eq, 预期值：处理成功, content的key是：msg,实际值：处理成功
2020-11-24 17:52:48,090 - ERROR - content判断失败或响应文本不是json格式，判断类型是eq, 预期值：处理成功, content的key是：msg,实际值：处理成功
2020-11-24 17:52:48,090 - ERROR - content判断失败或响应文本不是json格式，判断类型是eq, 预期值：处理成功, content的key是：msg,实际值：处理成功
2020-11-24 17:52:48,090 - ERROR - content判断失败或响应文本不是json格式，判断类型是eq, 预期值：处理成功, content的key是：msg,实际值：处理成功
2020-11-24 17:53:45,314 - ERROR - content判断失败或响应文本不是json格式，判断类型是eq, 预期值：处理成功, content的key是：msg,实际值：处理成功
2020-11-24 17:53:45,314 - ERROR - content判断失败或响应文本不是json格式，判断类型是eq, 预期值：处理成功, content的key是：msg,实际值：处理成功
2020-11-24 17:53:45,314 - ERROR - content判断失败或响应文本不是json格式，判断类型是eq, 预期值：处理成功, content的key是：msg,实际值：处理成功
2020-11-24 17:53:45,314 - ERROR - content判断失败或响应文本不是json格式，判断类型是eq, 预期值：处理成功, content的key是：msg,实际值：处理成功
2020-11-24 17:53:45,314 - ERROR - content判断失败或响应文本不是json格式，判断类型是eq, 预期值：处理成功, content的key是：msg,实际值：处理成功
2020-11-24 17:53:45,314 - ERROR - content判断失败或响应文本不是json格式，判断类型是eq, 预期值：处理成功, content的key是：msg,实际值：处理成功
2020-11-24 17:53:45,314 - ERROR - content判断失败或响应文本不是json格式，判断类型是eq, 预期值：处理成功, content的key是：msg,实际值：处理成功
2020-11-24 17:53:45,592 - ERROR - content判断失败或响应文本不是json格式，判断类型是eq, 预期值：处理成功, content的key是：msg,实际值：处理成功
2020-11-24 17:53:45,592 - ERROR - content判断失败或响应文本不是json格式，判断类型是eq, 预期值：处理成功, content的key是：msg,实际值：处理成功
2020-11-24 17:53:45,592 - ERROR - content判断失败或响应文本不是json格式，判断类型是eq, 预期值：处理成功, content的key是：msg,实际值：处理成功
2020-11-24 17:53:45,592 - ERROR - content判断失败或响应文本不是json格式，判断类型是eq, 预期值：处理成功, content的key是：msg,实际值：处理成功
2020-11-24 17:53:45,592 - ERROR - content判断失败或响应文本不是json格式，判断类型是eq, 预期值：处理成功, content的key是：msg,实际值：处理成功
2020-11-24 17:53:45,592 - ERROR - content判断失败或响应文本不是json格式，判断类型是eq, 预期值：处理成功, content的key是：msg,实际值：处理成功
2020-11-24 17:53:45,592 - ERROR - content判断失败或响应文本不是json格式，判断类型是eq, 预期值：处理成功, content的key是：msg,实际值：处理成功
2020-11-24 17:53:45,592 - ERROR - content判断失败或响应文本不是json格式，判断类型是eq, 预期值：处理成功, content的key是：msg,实际值：处理成功
2020-11-24 17:53:45,592 - ERROR - content判断失败或响应文本不是json格式，判断类型是eq, 预期值：处理成功, content的key是：msg,实际值：处理成功
2020-11-24 17:53:45,592 - ERROR - content判断失败或响应文本不是json格式，判断类型是eq, 预期值：处理成功, content的key是：msg,实际值：处理成功
2020-11-24 17:53:45,592 - ERROR - content判断失败或响应文本不是json格式，判断类型是eq, 预期值：处理成功, content的key是：msg,实际值：处理成功
2020-11-24 17:54:20,880 - ERROR - content判断失败或响应文本不是json格式，判断类型是eq, 预期值：处理成功, content的key是：msg,实际值：处理成功
2020-11-24 17:54:20,880 - ERROR - content判断失败或响应文本不是json格式，判断类型是eq, 预期值：处理成功, content的key是：msg,实际值：处理成功
2020-11-24 17:54:20,880 - ERROR - content判断失败或响应文本不是json格式，判断类型是eq, 预期值：处理成功, content的key是：msg,实际值：处理成功
2020-11-24 17:54:20,880 - ERROR - content判断失败或响应文本不是json格式，判断类型是eq, 预期值：处理成功, content的key是：msg,实际值：处理成功
2020-11-24 17:54:20,880 - ERROR - content判断失败或响应文本不是json格式，判断类型是eq, 预期值：处理成功, content的key是：msg,实际值：处理成功
2020-11-24 17:54:20,880 - ERROR - content判断失败或响应文本不是json格式，判断类型是eq, 预期值：处理成功, content的key是：msg,实际值：处理成功
2020-11-24 17:54:20,880 - ERROR - content判断失败或响应文本不是json格式，判断类型是eq, 预期值：处理成功, content的key是：msg,实际值：处理成功
2020-11-24 17:54:21,164 - ERROR - content判断失败或响应文本不是json格式，判断类型是eq, 预期值：处理成功, content的key是：msg,实际值：处理成功
2020-11-24 17:54:21,164 - ERROR - content判断失败或响应文本不是json格式，判断类型是eq, 预期值：处理成功, content的key是：msg,实际值：处理成功
2020-11-24 17:54:21,164 - ERROR - content判断失败或响应文本不是json格式，判断类型是eq, 预期值：处理成功, content的key是：msg,实际值：处理成功
2020-11-24 17:54:21,164 - ERROR - content判断失败或响应文本不是json格式，判断类型是eq, 预期值：处理成功, content的key是：msg,实际值：处理成功
2020-11-24 17:54:21,164 - ERROR - content判断失败或响应文本不是json格式，判断类型是eq, 预期值：处理成功, content的key是：msg,实际值：处理成功
2020-11-24 17:54:21,164 - ERROR - content判断失败或响应文本不是json格式，判断类型是eq, 预期值：处理成功, content的key是：msg,实际值：处理成功
2020-11-24 17:54:21,164 - ERROR - content判断失败或响应文本不是json格式，判断类型是eq, 预期值：处理成功, content的key是：msg,实际值：处理成功
2020-11-24 17:54:21,164 - ERROR - content判断失败或响应文本不是json格式，判断类型是eq, 预期值：处理成功, content的key是：msg,实际值：处理成功
2020-11-24 17:54:21,164 - ERROR - content判断失败或响应文本不是json格式，判断类型是eq, 预期值：处理成功, content的key是：msg,实际值：处理成功
2020-11-24 17:54:21,164 - ERROR - content判断失败或响应文本不是json格式，判断类型是eq, 预期值：处理成功, content的key是：msg,实际值：处理成功
2020-11-24 17:54:21,164 - ERROR - content判断失败或响应文本不是json格式，判断类型是eq, 预期值：处理成功, content的key是：msg,实际值：处理成功
2020-11-24 17:55:08,272 - ERROR - content判断失败或响应文本不是json格式，判断类型是eq, 预期值：处理成功, content的key是：msg,实际值：处理成功
2020-11-24 17:55:08,272 - ERROR - content判断失败或响应文本不是json格式，判断类型是eq, 预期值：处理成功, content的key是：msg,实际值：处理成功
2020-11-24 17:55:08,272 - ERROR - content判断失败或响应文本不是json格式，判断类型是eq, 预期值：处理成功, content的key是：msg,实际值：处理成功
2020-11-24 17:55:08,272 - ERROR - content判断失败或响应文本不是json格式，判断类型是eq, 预期值：处理成功, content的key是：msg,实际值：处理成功
2020-11-24 17:55:08,272 - ERROR - content判断失败或响应文本不是json格式，判断类型是eq, 预期值：处理成功, content的key是：msg,实际值：处理成功
2020-11-24 17:55:08,272 - ERROR - content判断失败或响应文本不是json格式，判断类型是eq, 预期值：处理成功, content的key是：msg,实际值：处理成功
2020-11-24 17:55:08,272 - ERROR - content判断失败或响应文本不是json格式，判断类型是eq, 预期值：处理成功, content的key是：msg,实际值：处理成功
2020-11-24 17:55:08,557 - ERROR - content判断失败或响应文本不是json格式，判断类型是eq, 预期值：处理成功, content的key是：msg,实际值：处理成功
2020-11-24 17:55:08,557 - ERROR - content判断失败或响应文本不是json格式，判断类型是eq, 预期值：处理成功, content的key是：msg,实际值：处理成功
2020-11-24 17:55:08,557 - ERROR - content判断失败或响应文本不是json格式，判断类型是eq, 预期值：处理成功, content的key是：msg,实际值：处理成功
2020-11-24 17:55:08,557 - ERROR - content判断失败或响应文本不是json格式，判断类型是eq, 预期值：处理成功, content的key是：msg,实际值：处理成功
2020-11-24 17:55:08,557 - ERROR - content判断失败或响应文本不是json格式，判断类型是eq, 预期值：处理成功, content的key是：msg,实际值：处理成功
2020-11-24 17:55:08,557 - ERROR - content判断失败或响应文本不是json格式，判断类型是eq, 预期值：处理成功, content的key是：msg,实际值：处理成功
2020-11-24 17:55:08,557 - ERROR - content判断失败或响应文本不是json格式，判断类型是eq, 预期值：处理成功, content的key是：msg,实际值：处理成功
2020-11-24 17:55:08,557 - ERROR - content判断失败或响应文本不是json格式，判断类型是eq, 预期值：处理成功, content的key是：msg,实际值：处理成功
2020-11-24 17:55:08,557 - ERROR - content判断失败或响应文本不是json格式，判断类型是eq, 预期值：处理成功, content的key是：msg,实际值：处理成功
2020-11-24 17:55:08,557 - ERROR - content判断失败或响应文本不是json格式，判断类型是eq, 预期值：处理成功, content的key是：msg,实际值：处理成功
2020-11-24 17:55:08,557 - ERROR - content判断失败或响应文本不是json格式，判断类型是eq, 预期值：处理成功, content的key是：msg,实际值：处理成功
2020-11-24 17:56:44,741 - ERROR - content判断失败或响应文本不是json格式，判断类型是eq, 预期值：处理成功, content的key是：msg,实际值：处理成功
2020-11-24 17:56:44,741 - ERROR - content判断失败或响应文本不是json格式，判断类型是eq, 预期值：处理成功, content的key是：msg,实际值：处理成功
2020-11-24 17:56:44,741 - ERROR - content判断失败或响应文本不是json格式，判断类型是eq, 预期值：处理成功, content的key是：msg,实际值：处理成功
2020-11-24 17:56:44,741 - ERROR - content判断失败或响应文本不是json格式，判断类型是eq, 预期值：处理成功, content的key是：msg,实际值：处理成功
2020-11-24 17:56:44,741 - ERROR - content判断失败或响应文本不是json格式，判断类型是eq, 预期值：处理成功, content的key是：msg,实际值：处理成功
2020-11-24 17:56:44,741 - ERROR - content判断失败或响应文本不是json格式，判断类型是eq, 预期值：处理成功, content的key是：msg,实际值：处理成功
2020-11-24 17:56:44,741 - ERROR - content判断失败或响应文本不是json格式，判断类型是eq, 预期值：处理成功, content的key是：msg,实际值：处理成功
2020-11-24 17:56:45,026 - ERROR - content判断失败或响应文本不是json格式，判断类型是eq, 预期值：处理成功, content的key是：msg,实际值：处理成功
2020-11-24 17:56:45,026 - ERROR - content判断失败或响应文本不是json格式，判断类型是eq, 预期值：处理成功, content的key是：msg,实际值：处理成功
2020-11-24 17:56:45,026 - ERROR - content判断失败或响应文本不是json格式，判断类型是eq, 预期值：处理成功, content的key是：msg,实际值：处理成功
2020-11-24 17:56:45,026 - ERROR - content判断失败或响应文本不是json格式，判断类型是eq, 预期值：处理成功, content的key是：msg,实际值：处理成功
2020-11-24 17:56:45,026 - ERROR - content判断失败或响应文本不是json格式，判断类型是eq, 预期值：处理成功, content的key是：msg,实际值：处理成功
2020-11-24 17:56:45,026 - ERROR - content判断失败或响应文本不是json格式，判断类型是eq, 预期值：处理成功, content的key是：msg,实际值：处理成功
2020-11-24 17:56:45,026 - ERROR - content判断失败或响应文本不是json格式，判断类型是eq, 预期值：处理成功, content的key是：msg,实际值：处理成功
2020-11-24 17:56:45,026 - ERROR - content判断失败或响应文本不是json格式，判断类型是eq, 预期值：处理成功, content的key是：msg,实际值：处理成功
2020-11-24 17:56:45,026 - ERROR - content判断失败或响应文本不是json格式，判断类型是eq, 预期值：处理成功, content的key是：msg,实际值：处理成功
2020-11-24 17:56:45,026 - ERROR - content判断失败或响应文本不是json格式，判断类型是eq, 预期值：处理成功, content的key是：msg,实际值：处理成功
2020-11-24 17:56:45,026 - ERROR - content判断失败或响应文本不是json格式，判断类型是eq, 预期值：处理成功, content的key是：msg,实际值：处理成功
2020-11-24 17:57:41,341 - ERROR - content判断失败或响应文本不是json格式，判断类型是eq, 预期值：处理成功, content的key是：msg,实际值：处理成功
2020-11-24 17:57:41,341 - ERROR - content判断失败或响应文本不是json格式，判断类型是eq, 预期值：处理成功, content的key是：msg,实际值：处理成功
2020-11-24 17:57:41,341 - ERROR - content判断失败或响应文本不是json格式，判断类型是eq, 预期值：处理成功, content的key是：msg,实际值：处理成功
2020-11-24 17:57:41,341 - ERROR - content判断失败或响应文本不是json格式，判断类型是eq, 预期值：处理成功, content的key是：msg,实际值：处理成功
2020-11-24 17:57:41,341 - ERROR - content判断失败或响应文本不是json格式，判断类型是eq, 预期值：处理成功, content的key是：msg,实际值：处理成功
2020-11-24 17:57:41,341 - ERROR - content判断失败或响应文本不是json格式，判断类型是eq, 预期值：处理成功, content的key是：msg,实际值：处理成功
2020-11-24 17:57:41,341 - ERROR - content判断失败或响应文本不是json格式，判断类型是eq, 预期值：处理成功, content的key是：msg,实际值：处理成功
2020-11-24 17:57:41,637 - ERROR - content判断失败或响应文本不是json格式，判断类型是eq, 预期值：处理成功, content的key是：msg,实际值：处理成功
2020-11-24 17:57:41,637 - ERROR - content判断失败或响应文本不是json格式，判断类型是eq, 预期值：处理成功, content的key是：msg,实际值：处理成功
2020-11-24 17:57:41,637 - ERROR - content判断失败或响应文本不是json格式，判断类型是eq, 预期值：处理成功, content的key是：msg,实际值：处理成功
2020-11-24 17:57:41,637 - ERROR - content判断失败或响应文本不是json格式，判断类型是eq, 预期值：处理成功, content的key是：msg,实际值：处理成功
2020-11-24 17:57:41,637 - ERROR - content判断失败或响应文本不是json格式，判断类型是eq, 预期值：处理成功, content的key是：msg,实际值：处理成功
2020-11-24 17:57:41,637 - ERROR - content判断失败或响应文本不是json格式，判断类型是eq, 预期值：处理成功, content的key是：msg,实际值：处理成功
2020-11-24 17:57:41,637 - ERROR - content判断失败或响应文本不是json格式，判断类型是eq, 预期值：处理成功, content的key是：msg,实际值：处理成功
2020-11-24 17:57:41,637 - ERROR - content判断失败或响应文本不是json格式，判断类型是eq, 预期值：处理成功, content的key是：msg,实际值：处理成功
2020-11-24 17:57:41,637 - ERROR - content判断失败或响应文本不是json格式，判断类型是eq, 预期值：处理成功, content的key是：msg,实际值：处理成功
2020-11-24 17:57:41,637 - ERROR - content判断失败或响应文本不是json格式，判断类型是eq, 预期值：处理成功, content的key是：msg,实际值：处理成功
2020-11-24 17:57:41,637 - ERROR - content判断失败或响应文本不是json格式，判断类型是eq, 预期值：处理成功, content的key是：msg,实际值：处理成功
2020-11-24 17:57:53,890 - ERROR - content判断失败或响应文本不是json格式，判断类型是eq, 预期值：处理成功, content的key是：msg,实际值：处理成功
2020-11-24 17:57:53,890 - ERROR - content判断失败或响应文本不是json格式，判断类型是eq, 预期值：处理成功, content的key是：msg,实际值：处理成功
2020-11-24 17:57:53,890 - ERROR - content判断失败或响应文本不是json格式，判断类型是eq, 预期值：处理成功, content的key是：msg,实际值：处理成功
2020-11-24 17:57:53,890 - ERROR - content判断失败或响应文本不是json格式，判断类型是eq, 预期值：处理成功, content的key是：msg,实际值：处理成功
2020-11-24 17:57:53,890 - ERROR - content判断失败或响应文本不是json格式，判断类型是eq, 预期值：处理成功, content的key是：msg,实际值：处理成功
2020-11-24 17:57:53,890 - ERROR - content判断失败或响应文本不是json格式，判断类型是eq, 预期值：处理成功, content的key是：msg,实际值：处理成功
2020-11-24 17:57:53,890 - ERROR - content判断失败或响应文本不是json格式，判断类型是eq, 预期值：处理成功, content的key是：msg,实际值：处理成功
2020-11-24 17:57:54,188 - ERROR - content判断失败或响应文本不是json格式，判断类型是eq, 预期值：处理成功, content的key是：msg,实际值：处理成功
2020-11-24 17:57:54,188 - ERROR - content判断失败或响应文本不是json格式，判断类型是eq, 预期值：处理成功, content的key是：msg,实际值：处理成功
2020-11-24 17:57:54,188 - ERROR - content判断失败或响应文本不是json格式，判断类型是eq, 预期值：处理成功, content的key是：msg,实际值：处理成功
2020-11-24 17:57:54,188 - ERROR - content判断失败或响应文本不是json格式，判断类型是eq, 预期值：处理成功, content的key是：msg,实际值：处理成功
2020-11-24 17:57:54,188 - ERROR - content判断失败或响应文本不是json格式，判断类型是eq, 预期值：处理成功, content的key是：msg,实际值：处理成功
2020-11-24 17:57:54,188 - ERROR - content判断失败或响应文本不是json格式，判断类型是eq, 预期值：处理成功, content的key是：msg,实际值：处理成功
2020-11-24 17:57:54,188 - ERROR - content判断失败或响应文本不是json格式，判断类型是eq, 预期值：处理成功, content的key是：msg,实际值：处理成功
2020-11-24 17:57:54,188 - ERROR - content判断失败或响应文本不是json格式，判断类型是eq, 预期值：处理成功, content的key是：msg,实际值：处理成功
2020-11-24 17:57:54,188 - ERROR - content判断失败或响应文本不是json格式，判断类型是eq, 预期值：处理成功, content的key是：msg,实际值：处理成功
2020-11-24 17:57:54,188 - ERROR - content判断失败或响应文本不是json格式，判断类型是eq, 预期值：处理成功, content的key是：msg,实际值：处理成功
2020-11-24 17:57:54,188 - ERROR - content判断失败或响应文本不是json格式，判断类型是eq, 预期值：处理成功, content的key是：msg,实际值：处理成功
2020-11-24 18:42:31,049 - ERROR - content判断失败或响应文本不是json格式，判断类型是eq, 预期值：处理成功, content的key是：msg,实际值：处理成功
2020-11-24 18:42:31,049 - ERROR - content判断失败或响应文本不是json格式，判断类型是eq, 预期值：处理成功, content的key是：msg,实际值：处理成功
2020-11-24 18:42:31,049 - ERROR - content判断失败或响应文本不是json格式，判断类型是eq, 预期值：处理成功, content的key是：msg,实际值：处理成功
2020-11-24 18:42:31,049 - ERROR - content判断失败或响应文本不是json格式，判断类型是eq, 预期值：处理成功, content的key是：msg,实际值：处理成功
2020-11-24 18:42:31,049 - ERROR - content判断失败或响应文本不是json格式，判断类型是eq, 预期值：处理成功, content的key是：msg,实际值：处理成功
2020-11-24 18:42:31,049 - ERROR - content判断失败或响应文本不是json格式，判断类型是eq, 预期值：处理成功, content的key是：msg,实际值：处理成功
2020-11-24 18:42:31,049 - ERROR - content判断失败或响应文本不是json格式，判断类型是eq, 预期值：处理成功, content的key是：msg,实际值：处理成功
2020-11-24 18:42:31,327 - ERROR - content判断失败或响应文本不是json格式，判断类型是eq, 预期值：处理成功, content的key是：msg,实际值：处理成功
2020-11-24 18:42:31,327 - ERROR - content判断失败或响应文本不是json格式，判断类型是eq, 预期值：处理成功, content的key是：msg,实际值：处理成功
2020-11-24 18:42:31,327 - ERROR - content判断失败或响应文本不是json格式，判断类型是eq, 预期值：处理成功, content的key是：msg,实际值：处理成功
2020-11-24 18:42:31,327 - ERROR - content判断失败或响应文本不是json格式，判断类型是eq, 预期值：处理成功, content的key是：msg,实际值：处理成功
2020-11-24 18:42:31,327 - ERROR - content判断失败或响应文本不是json格式，判断类型是eq, 预期值：处理成功, content的key是：msg,实际值：处理成功
2020-11-24 18:42:31,327 - ERROR - content判断失败或响应文本不是json格式，判断类型是eq, 预期值：处理成功, content的key是：msg,实际值：处理成功
2020-11-24 18:42:31,327 - ERROR - content判断失败或响应文本不是json格式，判断类型是eq, 预期值：处理成功, content的key是：msg,实际值：处理成功
2020-11-24 18:42:31,327 - ERROR - content判断失败或响应文本不是json格式，判断类型是eq, 预期值：处理成功, content的key是：msg,实际值：处理成功
2020-11-24 18:42:31,327 - ERROR - content判断失败或响应文本不是json格式，判断类型是eq, 预期值：处理成功, content的key是：msg,实际值：处理成功
2020-11-24 18:42:31,327 - ERROR - content判断失败或响应文本不是json格式，判断类型是eq, 预期值：处理成功, content的key是：msg,实际值：处理成功
2020-11-24 18:42:31,327 - ERROR - content判断失败或响应文本不是json格式，判断类型是eq, 预期值：处理成功, content的key是：msg,实际值：处理成功
2020-11-24 18:42:59,962 - ERROR - content判断失败或响应文本不是json格式，判断类型是eq, 预期值：处理成功, content的key是：msg,实际值：处理成功
2020-11-24 18:42:59,962 - ERROR - content判断失败或响应文本不是json格式，判断类型是eq, 预期值：处理成功, content的key是：msg,实际值：处理成功
2020-11-24 18:42:59,962 - ERROR - content判断失败或响应文本不是json格式，判断类型是eq, 预期值：处理成功, content的key是：msg,实际值：处理成功
2020-11-24 18:42:59,962 - ERROR - content判断失败或响应文本不是json格式，判断类型是eq, 预期值：处理成功, content的key是：msg,实际值：处理成功
2020-11-24 18:42:59,962 - ERROR - content判断失败或响应文本不是json格式，判断类型是eq, 预期值：处理成功, content的key是：msg,实际值：处理成功
2020-11-24 18:42:59,962 - ERROR - content判断失败或响应文本不是json格式，判断类型是eq, 预期值：处理成功, content的key是：msg,实际值：处理成功
2020-11-24 18:42:59,962 - ERROR - content判断失败或响应文本不是json格式，判断类型是eq, 预期值：处理成功, content的key是：msg,实际值：处理成功
2020-11-24 18:43:00,239 - ERROR - content判断失败或响应文本不是json格式，判断类型是eq, 预期值：处理成功, content的key是：msg,实际值：处理成功
2020-11-24 18:43:00,239 - ERROR - content判断失败或响应文本不是json格式，判断类型是eq, 预期值：处理成功, content的key是：msg,实际值：处理成功
2020-11-24 18:43:00,239 - ERROR - content判断失败或响应文本不是json格式，判断类型是eq, 预期值：处理成功, content的key是：msg,实际值：处理成功
2020-11-24 18:43:00,239 - ERROR - content判断失败或响应文本不是json格式，判断类型是eq, 预期值：处理成功, content的key是：msg,实际值：处理成功
2020-11-24 18:43:00,239 - ERROR - content判断失败或响应文本不是json格式，判断类型是eq, 预期值：处理成功, content的key是：msg,实际值：处理成功
2020-11-24 18:43:00,239 - ERROR - content判断失败或响应文本不是json格式，判断类型是eq, 预期值：处理成功, content的key是：msg,实际值：处理成功
2020-11-24 18:43:00,239 - ERROR - content判断失败或响应文本不是json格式，判断类型是eq, 预期值：处理成功, content的key是：msg,实际值：处理成功
2020-11-24 18:43:00,239 - ERROR - content判断失败或响应文本不是json格式，判断类型是eq, 预期值：处理成功, content的key是：msg,实际值：处理成功
2020-11-24 18:43:00,239 - ERROR - content判断失败或响应文本不是json格式，判断类型是eq, 预期值：处理成功, content的key是：msg,实际值：处理成功
2020-11-24 18:43:00,239 - ERROR - content判断失败或响应文本不是json格式，判断类型是eq, 预期值：处理成功, content的key是：msg,实际值：处理成功
2020-11-24 18:43:00,239 - ERROR - content判断失败或响应文本不是json格式，判断类型是eq, 预期值：处理成功, content的key是：msg,实际值：处理成功
2020-11-24 18:43:26,105 - ERROR - content判断失败或响应文本不是json格式，判断类型是eq, 预期值：处理成功, content的key是：msg,实际值：处理成功
2020-11-24 18:43:26,105 - ERROR - content判断失败或响应文本不是json格式，判断类型是eq, 预期值：处理成功, content的key是：msg,实际值：处理成功
2020-11-24 18:43:26,105 - ERROR - content判断失败或响应文本不是json格式，判断类型是eq, 预期值：处理成功, content的key是：msg,实际值：处理成功
2020-11-24 18:43:26,105 - ERROR - content判断失败或响应文本不是json格式，判断类型是eq, 预期值：处理成功, content的key是：msg,实际值：处理成功
2020-11-24 18:43:26,105 - ERROR - content判断失败或响应文本不是json格式，判断类型是eq, 预期值：处理成功, content的key是：msg,实际值：处理成功
2020-11-24 18:43:26,105 - ERROR - content判断失败或响应文本不是json格式，判断类型是eq, 预期值：处理成功, content的key是：msg,实际值：处理成功
2020-11-24 18:43:26,105 - ERROR - content判断失败或响应文本不是json格式，判断类型是eq, 预期值：处理成功, content的key是：msg,实际值：处理成功
2020-11-24 18:43:26,379 - ERROR - content判断失败或响应文本不是json格式，判断类型是eq, 预期值：处理成功, content的key是：msg,实际值：处理成功
2020-11-24 18:43:26,379 - ERROR - content判断失败或响应文本不是json格式，判断类型是eq, 预期值：处理成功, content的key是：msg,实际值：处理成功
2020-11-24 18:43:26,379 - ERROR - content判断失败或响应文本不是json格式，判断类型是eq, 预期值：处理成功, content的key是：msg,实际值：处理成功
2020-11-24 18:43:26,379 - ERROR - content判断失败或响应文本不是json格式，判断类型是eq, 预期值：处理成功, content的key是：msg,实际值：处理成功
2020-11-24 18:43:26,379 - ERROR - content判断失败或响应文本不是json格式，判断类型是eq, 预期值：处理成功, content的key是：msg,实际值：处理成功
2020-11-24 18:43:26,379 - ERROR - content判断失败或响应文本不是json格式，判断类型是eq, 预期值：处理成功, content的key是：msg,实际值：处理成功
2020-11-24 18:43:26,379 - ERROR - content判断失败或响应文本不是json格式，判断类型是eq, 预期值：处理成功, content的key是：msg,实际值：处理成功
2020-11-24 18:43:26,379 - ERROR - content判断失败或响应文本不是json格式，判断类型是eq, 预期值：处理成功, content的key是：msg,实际值：处理成功
2020-11-24 18:43:26,379 - ERROR - content判断失败或响应文本不是json格式，判断类型是eq, 预期值：处理成功, content的key是：msg,实际值：处理成功
2020-11-24 18:43:26,379 - ERROR - content判断失败或响应文本不是json格式，判断类型是eq, 预期值：处理成功, content的key是：msg,实际值：处理成功
2020-11-24 18:43:26,379 - ERROR - content判断失败或响应文本不是json格式，判断类型是eq, 预期值：处理成功, content的key是：msg,实际值：处理成功
2020-11-24 18:43:41,763 - ERROR - content判断失败或响应文本不是json格式，判断类型是eq, 预期值：处理成功, content的key是：msg,实际值：处理成功
2020-11-24 18:43:41,763 - ERROR - content判断失败或响应文本不是json格式，判断类型是eq, 预期值：处理成功, content的key是：msg,实际值：处理成功
2020-11-24 18:43:41,763 - ERROR - content判断失败或响应文本不是json格式，判断类型是eq, 预期值：处理成功, content的key是：msg,实际值：处理成功
2020-11-24 18:43:41,763 - ERROR - content判断失败或响应文本不是json格式，判断类型是eq, 预期值：处理成功, content的key是：msg,实际值：处理成功
2020-11-24 18:43:41,763 - ERROR - content判断失败或响应文本不是json格式，判断类型是eq, 预期值：处理成功, content的key是：msg,实际值：处理成功
2020-11-24 18:43:41,763 - ERROR - content判断失败或响应文本不是json格式，判断类型是eq, 预期值：处理成功, content的key是：msg,实际值：处理成功
2020-11-24 18:43:41,763 - ERROR - content判断失败或响应文本不是json格式，判断类型是eq, 预期值：处理成功, content的key是：msg,实际值：处理成功
2020-11-24 18:43:42,075 - ERROR - content判断失败或响应文本不是json格式，判断类型是eq, 预期值：处理成功, content的key是：msg,实际值：处理成功
2020-11-24 18:43:42,075 - ERROR - content判断失败或响应文本不是json格式，判断类型是eq, 预期值：处理成功, content的key是：msg,实际值：处理成功
2020-11-24 18:43:42,075 - ERROR - content判断失败或响应文本不是json格式，判断类型是eq, 预期值：处理成功, content的key是：msg,实际值：处理成功
2020-11-24 18:43:42,075 - ERROR - content判断失败或响应文本不是json格式，判断类型是eq, 预期值：处理成功, content的key是：msg,实际值：处理成功
2020-11-24 18:43:42,075 - ERROR - content判断失败或响应文本不是json格式，判断类型是eq, 预期值：处理成功, content的key是：msg,实际值：处理成功
2020-11-24 18:43:42,075 - ERROR - content判断失败或响应文本不是json格式，判断类型是eq, 预期值：处理成功, content的key是：msg,实际值：处理成功
2020-11-24 18:43:42,075 - ERROR - content判断失败或响应文本不是json格式，判断类型是eq, 预期值：处理成功, content的key是：msg,实际值：处理成功
2020-11-24 18:43:42,075 - ERROR - content判断失败或响应文本不是json格式，判断类型是eq, 预期值：处理成功, content的key是：msg,实际值：处理成功
2020-11-24 18:43:42,075 - ERROR - content判断失败或响应文本不是json格式，判断类型是eq, 预期值：处理成功, content的key是：msg,实际值：处理成功
2020-11-24 18:43:42,075 - ERROR - content判断失败或响应文本不是json格式，判断类型是eq, 预期值：处理成功, content的key是：msg,实际值：处理成功
2020-11-24 18:43:42,075 - ERROR - content判断失败或响应文本不是json格式，判断类型是eq, 预期值：处理成功, content的key是：msg,实际值：处理成功
2020-11-24 18:44:21,635 - ERROR - content判断失败或响应文本不是json格式，判断类型是eq, 预期值：处理成功, content的key是：msg,实际值：处理成功
2020-11-24 18:44:21,635 - ERROR - content判断失败或响应文本不是json格式，判断类型是eq, 预期值：处理成功, content的key是：msg,实际值：处理成功
2020-11-24 18:44:21,635 - ERROR - content判断失败或响应文本不是json格式，判断类型是eq, 预期值：处理成功, content的key是：msg,实际值：处理成功
2020-11-24 18:44:21,635 - ERROR - content判断失败或响应文本不是json格式，判断类型是eq, 预期值：处理成功, content的key是：msg,实际值：处理成功
2020-11-24 18:44:21,635 - ERROR - content判断失败或响应文本不是json格式，判断类型是eq, 预期值：处理成功, content的key是：msg,实际值：处理成功
2020-11-24 18:44:21,635 - ERROR - content判断失败或响应文本不是json格式，判断类型是eq, 预期值：处理成功, content的key是：msg,实际值：处理成功
2020-11-24 18:44:21,635 - ERROR - content判断失败或响应文本不是json格式，判断类型是eq, 预期值：处理成功, content的key是：msg,实际值：处理成功
2020-11-24 18:44:21,930 - ERROR - content判断失败或响应文本不是json格式，判断类型是eq, 预期值：处理成功, content的key是：msg,实际值：处理成功
2020-11-24 18:44:21,930 - ERROR - content判断失败或响应文本不是json格式，判断类型是eq, 预期值：处理成功, content的key是：msg,实际值：处理成功
2020-11-24 18:44:21,930 - ERROR - content判断失败或响应文本不是json格式，判断类型是eq, 预期值：处理成功, content的key是：msg,实际值：处理成功
2020-11-24 18:44:21,930 - ERROR - content判断失败或响应文本不是json格式，判断类型是eq, 预期值：处理成功, content的key是：msg,实际值：处理成功
2020-11-24 18:44:21,930 - ERROR - content判断失败或响应文本不是json格式，判断类型是eq, 预期值：处理成功, content的key是：msg,实际值：处理成功
2020-11-24 18:44:21,930 - ERROR - content判断失败或响应文本不是json格式，判断类型是eq, 预期值：处理成功, content的key是：msg,实际值：处理成功
2020-11-24 18:44:21,930 - ERROR - content判断失败或响应文本不是json格式，判断类型是eq, 预期值：处理成功, content的key是：msg,实际值：处理成功
2020-11-24 18:44:21,930 - ERROR - content判断失败或响应文本不是json格式，判断类型是eq, 预期值：处理成功, content的key是：msg,实际值：处理成功
2020-11-24 18:44:21,930 - ERROR - content判断失败或响应文本不是json格式，判断类型是eq, 预期值：处理成功, content的key是：msg,实际值：处理成功
2020-11-24 18:44:21,930 - ERROR - content判断失败或响应文本不是json格式，判断类型是eq, 预期值：处理成功, content的key是：msg,实际值：处理成功
2020-11-24 18:44:21,930 - ERROR - content判断失败或响应文本不是json格式，判断类型是eq, 预期值：处理成功, content的key是：msg,实际值：处理成功
2020-11-24 18:45:06,664 - ERROR - content判断失败或响应文本不是json格式，判断类型是eq, 预期值：处理成功, content的key是：msg,实际值：处理成功
2020-11-24 18:45:06,664 - ERROR - content判断失败或响应文本不是json格式，判断类型是eq, 预期值：处理成功, content的key是：msg,实际值：处理成功
2020-11-24 18:45:06,664 - ERROR - content判断失败或响应文本不是json格式，判断类型是eq, 预期值：处理成功, content的key是：msg,实际值：处理成功
2020-11-24 18:45:06,664 - ERROR - content判断失败或响应文本不是json格式，判断类型是eq, 预期值：处理成功, content的key是：msg,实际值：处理成功
2020-11-24 18:45:06,664 - ERROR - content判断失败或响应文本不是json格式，判断类型是eq, 预期值：处理成功, content的key是：msg,实际值：处理成功
2020-11-24 18:45:06,664 - ERROR - content判断失败或响应文本不是json格式，判断类型是eq, 预期值：处理成功, content的key是：msg,实际值：处理成功
2020-11-24 18:45:06,664 - ERROR - content判断失败或响应文本不是json格式，判断类型是eq, 预期值：处理成功, content的key是：msg,实际值：处理成功
2020-11-24 18:45:06,979 - ERROR - content判断失败或响应文本不是json格式，判断类型是eq, 预期值：处理成功, content的key是：msg,实际值：处理成功
2020-11-24 18:45:06,979 - ERROR - content判断失败或响应文本不是json格式，判断类型是eq, 预期值：处理成功, content的key是：msg,实际值：处理成功
2020-11-24 18:45:06,979 - ERROR - content判断失败或响应文本不是json格式，判断类型是eq, 预期值：处理成功, content的key是：msg,实际值：处理成功
2020-11-24 18:45:06,979 - ERROR - content判断失败或响应文本不是json格式，判断类型是eq, 预期值：处理成功, content的key是：msg,实际值：处理成功
2020-11-24 18:45:06,979 - ERROR - content判断失败或响应文本不是json格式，判断类型是eq, 预期值：处理成功, content的key是：msg,实际值：处理成功
2020-11-24 18:45:06,979 - ERROR - content判断失败或响应文本不是json格式，判断类型是eq, 预期值：处理成功, content的key是：msg,实际值：处理成功
2020-11-24 18:45:06,979 - ERROR - content判断失败或响应文本不是json格式，判断类型是eq, 预期值：处理成功, content的key是：msg,实际值：处理成功
2020-11-24 18:45:06,979 - ERROR - content判断失败或响应文本不是json格式，判断类型是eq, 预期值：处理成功, content的key是：msg,实际值：处理成功
2020-11-24 18:45:06,979 - ERROR - content判断失败或响应文本不是json格式，判断类型是eq, 预期值：处理成功, content的key是：msg,实际值：处理成功
2020-11-24 18:45:06,979 - ERROR - content判断失败或响应文本不是json格式，判断类型是eq, 预期值：处理成功, content的key是：msg,实际值：处理成功
2020-11-24 18:45:06,979 - ERROR - content判断失败或响应文本不是json格式，判断类型是eq, 预期值：处理成功, content的key是：msg,实际值：处理成功
2020-11-24 18:45:41,917 - ERROR - content判断失败或响应文本不是json格式，判断类型是eq, 预期值：处理成功, content的key是：msg,实际值：处理成功
2020-11-24 18:45:41,917 - ERROR - content判断失败或响应文本不是json格式，判断类型是eq, 预期值：处理成功, content的key是：msg,实际值：处理成功
2020-11-24 18:45:41,917 - ERROR - content判断失败或响应文本不是json格式，判断类型是eq, 预期值：处理成功, content的key是：msg,实际值：处理成功
2020-11-24 18:45:41,917 - ERROR - content判断失败或响应文本不是json格式，判断类型是eq, 预期值：处理成功, content的key是：msg,实际值：处理成功
2020-11-24 18:45:41,917 - ERROR - content判断失败或响应文本不是json格式，判断类型是eq, 预期值：处理成功, content的key是：msg,实际值：处理成功
2020-11-24 18:45:41,917 - ERROR - content判断失败或响应文本不是json格式，判断类型是eq, 预期值：处理成功, content的key是：msg,实际值：处理成功
2020-11-24 18:45:41,917 - ERROR - content判断失败或响应文本不是json格式，判断类型是eq, 预期值：处理成功, content的key是：msg,实际值：处理成功
2020-11-24 18:45:42,195 - ERROR - content判断失败或响应文本不是json格式，判断类型是eq, 预期值：处理成功, content的key是：msg,实际值：处理成功
2020-11-24 18:45:42,195 - ERROR - content判断失败或响应文本不是json格式，判断类型是eq, 预期值：处理成功, content的key是：msg,实际值：处理成功
2020-11-24 18:45:42,195 - ERROR - content判断失败或响应文本不是json格式，判断类型是eq, 预期值：处理成功, content的key是：msg,实际值：处理成功
2020-11-24 18:45:42,195 - ERROR - content判断失败或响应文本不是json格式，判断类型是eq, 预期值：处理成功, content的key是：msg,实际值：处理成功
2020-11-24 18:45:42,195 - ERROR - content判断失败或响应文本不是json格式，判断类型是eq, 预期值：处理成功, content的key是：msg,实际值：处理成功
2020-11-24 18:45:42,195 - ERROR - content判断失败或响应文本不是json格式，判断类型是eq, 预期值：处理成功, content的key是：msg,实际值：处理成功
2020-11-24 18:45:42,195 - ERROR - content判断失败或响应文本不是json格式，判断类型是eq, 预期值：处理成功, content的key是：msg,实际值：处理成功
2020-11-24 18:45:42,195 - ERROR - content判断失败或响应文本不是json格式，判断类型是eq, 预期值：处理成功, content的key是：msg,实际值：处理成功
2020-11-24 18:45:42,195 - ERROR - content判断失败或响应文本不是json格式，判断类型是eq, 预期值：处理成功, content的key是：msg,实际值：处理成功
2020-11-24 18:45:42,195 - ERROR - content判断失败或响应文本不是json格式，判断类型是eq, 预期值：处理成功, content的key是：msg,实际值：处理成功
2020-11-24 18:45:42,195 - ERROR - content判断失败或响应文本不是json格式，判断类型是eq, 预期值：处理成功, content的key是：msg,实际值：处理成功
2020-11-24 18:46:20,048 - ERROR - content判断失败或响应文本不是json格式，判断类型是eq, 预期值：处理成功, content的key是：msg,实际值：处理成功
2020-11-24 18:46:20,048 - ERROR - content判断失败或响应文本不是json格式，判断类型是eq, 预期值：处理成功, content的key是：msg,实际值：处理成功
2020-11-24 18:46:20,048 - ERROR - content判断失败或响应文本不是json格式，判断类型是eq, 预期值：处理成功, content的key是：msg,实际值：处理成功
2020-11-24 18:46:20,048 - ERROR - content判断失败或响应文本不是json格式，判断类型是eq, 预期值：处理成功, content的key是：msg,实际值：处理成功
2020-11-24 18:46:20,048 - ERROR - content判断失败或响应文本不是json格式，判断类型是eq, 预期值：处理成功, content的key是：msg,实际值：处理成功
2020-11-24 18:46:20,048 - ERROR - content判断失败或响应文本不是json格式，判断类型是eq, 预期值：处理成功, content的key是：msg,实际值：处理成功
2020-11-24 18:46:20,048 - ERROR - content判断失败或响应文本不是json格式，判断类型是eq, 预期值：处理成功, content的key是：msg,实际值：处理成功
2020-11-24 18:46:20,329 - ERROR - content判断失败或响应文本不是json格式，判断类型是eq, 预期值：处理成功, content的key是：msg,实际值：处理成功
2020-11-24 18:46:20,329 - ERROR - content判断失败或响应文本不是json格式，判断类型是eq, 预期值：处理成功, content的key是：msg,实际值：处理成功
2020-11-24 18:46:20,329 - ERROR - content判断失败或响应文本不是json格式，判断类型是eq, 预期值：处理成功, content的key是：msg,实际值：处理成功
2020-11-24 18:46:20,329 - ERROR - content判断失败或响应文本不是json格式，判断类型是eq, 预期值：处理成功, content的key是：msg,实际值：处理成功
2020-11-24 18:46:20,329 - ERROR - content判断失败或响应文本不是json格式，判断类型是eq, 预期值：处理成功, content的key是：msg,实际值：处理成功
2020-11-24 18:46:20,329 - ERROR - content判断失败或响应文本不是json格式，判断类型是eq, 预期值：处理成功, content的key是：msg,实际值：处理成功
2020-11-24 18:46:20,329 - ERROR - content判断失败或响应文本不是json格式，判断类型是eq, 预期值：处理成功, content的key是：msg,实际值：处理成功
2020-11-24 18:46:20,329 - ERROR - content判断失败或响应文本不是json格式，判断类型是eq, 预期值：处理成功, content的key是：msg,实际值：处理成功
2020-11-24 18:46:20,329 - ERROR - content判断失败或响应文本不是json格式，判断类型是eq, 预期值：处理成功, content的key是：msg,实际值：处理成功
2020-11-24 18:46:20,329 - ERROR - content判断失败或响应文本不是json格式，判断类型是eq, 预期值：处理成功, content的key是：msg,实际值：处理成功
2020-11-24 18:46:20,329 - ERROR - content判断失败或响应文本不是json格式，判断类型是eq, 预期值：处理成功, content的key是：msg,实际值：处理成功
2020-11-24 18:48:49,715 - ERROR - content判断失败或响应文本不是json格式，判断类型是eq, 预期值：处理成功, content的key是：msg,实际值：处理成功
2020-11-24 18:48:49,715 - ERROR - content判断失败或响应文本不是json格式，判断类型是eq, 预期值：处理成功, content的key是：msg,实际值：处理成功
2020-11-24 18:48:49,715 - ERROR - content判断失败或响应文本不是json格式，判断类型是eq, 预期值：处理成功, content的key是：msg,实际值：处理成功
2020-11-24 18:48:49,715 - ERROR - content判断失败或响应文本不是json格式，判断类型是eq, 预期值：处理成功, content的key是：msg,实际值：处理成功
2020-11-24 18:48:49,715 - ERROR - content判断失败或响应文本不是json格式，判断类型是eq, 预期值：处理成功, content的key是：msg,实际值：处理成功
2020-11-24 18:48:49,715 - ERROR - content判断失败或响应文本不是json格式，判断类型是eq, 预期值：处理成功, content的key是：msg,实际值：处理成功
2020-11-24 18:48:49,715 - ERROR - content判断失败或响应文本不是json格式，判断类型是eq, 预期值：处理成功, content的key是：msg,实际值：处理成功
2020-11-24 18:48:49,985 - ERROR - content判断失败或响应文本不是json格式，判断类型是eq, 预期值：处理成功, content的key是：msg,实际值：处理成功
2020-11-24 18:48:49,985 - ERROR - content判断失败或响应文本不是json格式，判断类型是eq, 预期值：处理成功, content的key是：msg,实际值：处理成功
2020-11-24 18:48:49,985 - ERROR - content判断失败或响应文本不是json格式，判断类型是eq, 预期值：处理成功, content的key是：msg,实际值：处理成功
2020-11-24 18:48:49,985 - ERROR - content判断失败或响应文本不是json格式，判断类型是eq, 预期值：处理成功, content的key是：msg,实际值：处理成功
2020-11-24 18:48:49,985 - ERROR - content判断失败或响应文本不是json格式，判断类型是eq, 预期值：处理成功, content的key是：msg,实际值：处理成功
2020-11-24 18:48:49,985 - ERROR - content判断失败或响应文本不是json格式，判断类型是eq, 预期值：处理成功, content的key是：msg,实际值：处理成功
2020-11-24 18:48:49,985 - ERROR - content判断失败或响应文本不是json格式，判断类型是eq, 预期值：处理成功, content的key是：msg,实际值：处理成功
2020-11-24 18:48:49,985 - ERROR - content判断失败或响应文本不是json格式，判断类型是eq, 预期值：处理成功, content的key是：msg,实际值：处理成功
2020-11-24 18:48:49,985 - ERROR - content判断失败或响应文本不是json格式，判断类型是eq, 预期值：处理成功, content的key是：msg,实际值：处理成功
2020-11-24 18:48:49,985 - ERROR - content判断失败或响应文本不是json格式，判断类型是eq, 预期值：处理成功, content的key是：msg,实际值：处理成功
2020-11-24 18:48:49,985 - ERROR - content判断失败或响应文本不是json格式，判断类型是eq, 预期值：处理成功, content的key是：msg,实际值：处理成功
2020-11-24 18:57:28,557 - ERROR - content判断失败或响应文本不是json格式，判断类型是eq, 预期值：处理成功, content的key是：msg,实际值：处理成功
2020-11-24 18:57:28,557 - ERROR - content判断失败或响应文本不是json格式，判断类型是eq, 预期值：处理成功, content的key是：msg,实际值：处理成功
2020-11-24 18:57:28,557 - ERROR - content判断失败或响应文本不是json格式，判断类型是eq, 预期值：处理成功, content的key是：msg,实际值：处理成功
2020-11-24 18:57:28,557 - ERROR - content判断失败或响应文本不是json格式，判断类型是eq, 预期值：处理成功, content的key是：msg,实际值：处理成功
2020-11-24 18:57:28,557 - ERROR - content判断失败或响应文本不是json格式，判断类型是eq, 预期值：处理成功, content的key是：msg,实际值：处理成功
2020-11-24 18:57:28,557 - ERROR - content判断失败或响应文本不是json格式，判断类型是eq, 预期值：处理成功, content的key是：msg,实际值：处理成功
2020-11-24 18:57:28,557 - ERROR - content判断失败或响应文本不是json格式，判断类型是eq, 预期值：处理成功, content的key是：msg,实际值：处理成功
2020-11-24 18:57:28,846 - ERROR - content判断失败或响应文本不是json格式，判断类型是eq, 预期值：处理成功, content的key是：msg,实际值：处理成功
2020-11-24 18:57:28,846 - ERROR - content判断失败或响应文本不是json格式，判断类型是eq, 预期值：处理成功, content的key是：msg,实际值：处理成功
2020-11-24 18:57:28,846 - ERROR - content判断失败或响应文本不是json格式，判断类型是eq, 预期值：处理成功, content的key是：msg,实际值：处理成功
2020-11-24 18:57:28,846 - ERROR - content判断失败或响应文本不是json格式，判断类型是eq, 预期值：处理成功, content的key是：msg,实际值：处理成功
2020-11-24 18:57:28,846 - ERROR - content判断失败或响应文本不是json格式，判断类型是eq, 预期值：处理成功, content的key是：msg,实际值：处理成功
2020-11-24 18:57:28,846 - ERROR - content判断失败或响应文本不是json格式，判断类型是eq, 预期值：处理成功, content的key是：msg,实际值：处理成功
2020-11-24 18:57:28,846 - ERROR - content判断失败或响应文本不是json格式，判断类型是eq, 预期值：处理成功, content的key是：msg,实际值：处理成功
2020-11-24 18:57:28,846 - ERROR - content判断失败或响应文本不是json格式，判断类型是eq, 预期值：处理成功, content的key是：msg,实际值：处理成功
2020-11-24 18:57:28,846 - ERROR - content判断失败或响应文本不是json格式，判断类型是eq, 预期值：处理成功, content的key是：msg,实际值：处理成功
2020-11-24 18:57:28,846 - ERROR - content判断失败或响应文本不是json格式，判断类型是eq, 预期值：处理成功, content的key是：msg,实际值：处理成功
2020-11-24 18:57:28,846 - ERROR - content判断失败或响应文本不是json格式，判断类型是eq, 预期值：处理成功, content的key是：msg,实际值：处理成功
2020-11-24 18:58:01,320 - ERROR - content判断失败或响应文本不是json格式，判断类型是eq, 预期值：处理成功, content的key是：msg,实际值：处理成功
2020-11-24 18:58:01,320 - ERROR - content判断失败或响应文本不是json格式，判断类型是eq, 预期值：处理成功, content的key是：msg,实际值：处理成功
2020-11-24 18:58:01,320 - ERROR - content判断失败或响应文本不是json格式，判断类型是eq, 预期值：处理成功, content的key是：msg,实际值：处理成功
2020-11-24 18:58:01,320 - ERROR - content判断失败或响应文本不是json格式，判断类型是eq, 预期值：处理成功, content的key是：msg,实际值：处理成功
2020-11-24 18:58:01,320 - ERROR - content判断失败或响应文本不是json格式，判断类型是eq, 预期值：处理成功, content的key是：msg,实际值：处理成功
2020-11-24 18:58:01,320 - ERROR - content判断失败或响应文本不是json格式，判断类型是eq, 预期值：处理成功, content的key是：msg,实际值：处理成功
2020-11-24 18:58:01,320 - ERROR - content判断失败或响应文本不是json格式，判断类型是eq, 预期值：处理成功, content的key是：msg,实际值：处理成功
2020-11-24 18:58:01,611 - ERROR - content判断失败或响应文本不是json格式，判断类型是eq, 预期值：处理成功, content的key是：msg,实际值：处理成功
2020-11-24 18:58:01,611 - ERROR - content判断失败或响应文本不是json格式，判断类型是eq, 预期值：处理成功, content的key是：msg,实际值：处理成功
2020-11-24 18:58:01,611 - ERROR - content判断失败或响应文本不是json格式，判断类型是eq, 预期值：处理成功, content的key是：msg,实际值：处理成功
2020-11-24 18:58:01,611 - ERROR - content判断失败或响应文本不是json格式，判断类型是eq, 预期值：处理成功, content的key是：msg,实际值：处理成功
2020-11-24 18:58:01,611 - ERROR - content判断失败或响应文本不是json格式，判断类型是eq, 预期值：处理成功, content的key是：msg,实际值：处理成功
2020-11-24 18:58:01,611 - ERROR - content判断失败或响应文本不是json格式，判断类型是eq, 预期值：处理成功, content的key是：msg,实际值：处理成功
2020-11-24 18:58:01,611 - ERROR - content判断失败或响应文本不是json格式，判断类型是eq, 预期值：处理成功, content的key是：msg,实际值：处理成功
2020-11-24 18:58:01,611 - ERROR - content判断失败或响应文本不是json格式，判断类型是eq, 预期值：处理成功, content的key是：msg,实际值：处理成功
2020-11-24 18:58:01,611 - ERROR - content判断失败或响应文本不是json格式，判断类型是eq, 预期值：处理成功, content的key是：msg,实际值：处理成功
2020-11-24 18:58:01,611 - ERROR - content判断失败或响应文本不是json格式，判断类型是eq, 预期值：处理成功, content的key是：msg,实际值：处理成功
2020-11-24 18:58:01,611 - ERROR - content判断失败或响应文本不是json格式，判断类型是eq, 预期值：处理成功, content的key是：msg,实际值：处理成功
2020-11-24 18:59:07,762 - ERROR - content判断失败或响应文本不是json格式，判断类型是eq, 预期值：处理成功, content的key是：msg,实际值：处理成功
2020-11-24 18:59:07,762 - ERROR - content判断失败或响应文本不是json格式，判断类型是eq, 预期值：处理成功, content的key是：msg,实际值：处理成功
2020-11-24 18:59:07,762 - ERROR - content判断失败或响应文本不是json格式，判断类型是eq, 预期值：处理成功, content的key是：msg,实际值：处理成功
2020-11-24 18:59:07,762 - ERROR - content判断失败或响应文本不是json格式，判断类型是eq, 预期值：处理成功, content的key是：msg,实际值：处理成功
2020-11-24 18:59:07,762 - ERROR - content判断失败或响应文本不是json格式，判断类型是eq, 预期值：处理成功, content的key是：msg,实际值：处理成功
2020-11-24 18:59:07,762 - ERROR - content判断失败或响应文本不是json格式，判断类型是eq, 预期值：处理成功, content的key是：msg,实际值：处理成功
2020-11-24 18:59:07,762 - ERROR - content判断失败或响应文本不是json格式，判断类型是eq, 预期值：处理成功, content的key是：msg,实际值：处理成功
2020-11-24 18:59:08,039 - ERROR - content判断失败或响应文本不是json格式，判断类型是eq, 预期值：处理成功, content的key是：msg,实际值：处理成功
2020-11-24 18:59:08,039 - ERROR - content判断失败或响应文本不是json格式，判断类型是eq, 预期值：处理成功, content的key是：msg,实际值：处理成功
2020-11-24 18:59:08,039 - ERROR - content判断失败或响应文本不是json格式，判断类型是eq, 预期值：处理成功, content的key是：msg,实际值：处理成功
2020-11-24 18:59:08,039 - ERROR - content判断失败或响应文本不是json格式，判断类型是eq, 预期值：处理成功, content的key是：msg,实际值：处理成功
2020-11-24 18:59:08,039 - ERROR - content判断失败或响应文本不是json格式，判断类型是eq, 预期值：处理成功, content的key是：msg,实际值：处理成功
2020-11-24 18:59:08,039 - ERROR - content判断失败或响应文本不是json格式，判断类型是eq, 预期值：处理成功, content的key是：msg,实际值：处理成功
2020-11-24 18:59:08,039 - ERROR - content判断失败或响应文本不是json格式，判断类型是eq, 预期值：处理成功, content的key是：msg,实际值：处理成功
2020-11-24 18:59:08,039 - ERROR - content判断失败或响应文本不是json格式，判断类型是eq, 预期值：处理成功, content的key是：msg,实际值：处理成功
2020-11-24 18:59:08,039 - ERROR - content判断失败或响应文本不是json格式，判断类型是eq, 预期值：处理成功, content的key是：msg,实际值：处理成功
2020-11-24 18:59:08,039 - ERROR - content判断失败或响应文本不是json格式，判断类型是eq, 预期值：处理成功, content的key是：msg,实际值：处理成功
2020-11-24 18:59:08,039 - ERROR - content判断失败或响应文本不是json格式，判断类型是eq, 预期值：处理成功, content的key是：msg,实际值：处理成功
